boiling_point
('RDKit',)
('XGBoost',)
Converted file to csv file called: /home/cat/descriptors/datasets_and_SMILES/values_boiling_point_boiling_point.csv
the property I'm extracting is boiling_point
Extracted props saved to: /home/cat/descriptors/datasets_and_SMILES/values_boiling_point_boiling_point_boiling_point.csv
(191, 217)
RDKit descriptors ran correctly
descriptor_function returned: rdkit_descriptors.csv
Current model running: XGBoost
Loading features from: rdkit_descriptors.csv
It's been split!!
loading feaure from: rdkit_descriptors.csv
Best score was using the following parameter set:
>> colsample_bytree = 0.7
>> learning_rate = 0.05
>> max_depth = 4
>> n_estimators = 500
>> n_jobs = 8
>> random_state = 42
>> subsample = 0.7
Root Mean Squared Error: 3.863469852909617
R-squared: 0.9486039293362875
[285.15 243.75 482.05 364.65 263.55 432.15 304.77 411.15 308.85 316.25
 378.05 279.35 225.05 346.95 369.55 309.65 400.65 261.15 366.   298.75]
[281.76773 260.14206 460.68695 363.20297 274.42847 412.23257 302.03
 392.50632 326.9429  292.24423 376.83765 268.44107 227.14586 350.86853
 371.15665 286.3539  384.00565 273.3904  358.82794 300.12454]
Traceback (most recent call last):
  File "/home/cat/descriptors/python_scripts/descriptor_models.py", line 567, in <module>
    with open(f'..new_results/{config.property}/pickle_files/BEST_best_model_{config.descriptor}_{config.model}_{config.optimization_algorithm}.pickle', 'wb') as f:
FileNotFoundError: [Errno 2] No such file or directory: "..new_results/boiling_point/pickle_files/BEST_best_model_('RDKit',)_('XGBoost',)_Grid_Search_optimizer.pickle"
