boiling_point
('RDKit',)
('SVR',)
Converted file to csv file called: /home/cat/descriptors/datasets_and_SMILES/values_boiling_point_boiling_point.csv
the property I'm extracting is boiling_point
Extracted props saved to: /home/cat/descriptors/datasets_and_SMILES/values_boiling_point_boiling_point_boiling_point.csv
(191, 217)
RDKit descriptors ran correctly
descriptor_function returned: rdkit_descriptors.csv
Current model running: SVR
Loading features from: rdkit_descriptors.csv
It's been split!!
Loading features from: rdkit_descriptors.csv
Best score was using the following parameter set:
>> svr__C = 1000.0
>> svr__epsilon = 0.001
>> svr__gamma = 0.00035938136638046257
>> svr__kernel = rbf
Root Mean Squared Error: 3.4682165005650645
R-squared: 0.9666232068622655
[285.15 243.75 482.05 364.65 263.55 432.15 304.77 411.15 308.85 316.25
 378.05 279.35 225.05 346.95 369.55 309.65 400.65 261.15 366.   298.75]
[283.39949894 242.71303469 476.40308006 358.98677539 273.28386716
 426.54281999 301.02625733 405.71078196 295.80634413 303.63027772
 379.16660745 277.38396638 221.02219016 343.19643902 366.34207941
 285.2664676  394.09492954 257.56136135 368.25855877 290.28580551]
Traceback (most recent call last):
  File "/home/cat/descriptors/python_scripts/descriptor_models.py", line 567, in <module>
    with open(f'..new_results/{config.property}/pickle_files/BEST_best_model_{config.descriptor}_{config.model}_{config.optimization_algorithm}.pickle', 'wb') as f:
FileNotFoundError: [Errno 2] No such file or directory: "..new_results/boiling_point/pickle_files/BEST_best_model_('RDKit',)_('SVR',)_Grid_Search_optimizer.pickle"
