boiling_point
('RDKit',)
('XGBoost',)
Converted file to csv file called: /home/cat/descriptors/datasets_and_SMILES/values_boiling_point_boiling_point.csv
the property I'm extracting is boiling_point
Extracted props saved to: /home/cat/descriptors/datasets_and_SMILES/values_boiling_point_boiling_point_boiling_point.csv
(191, 217)
RDKit descriptors ran correctly
descriptor_function returned: rdkit_descriptors.csv
Current model running: XGBoost
Loading features from: rdkit_descriptors.csv
It's been split!!
loading feaure from: rdkit_descriptors.csv
Best score was using the following parameter set:
>> subsample = 0.6
>> reg_lambda = 1
>> reg_alpha = 1
>> random_state = 42
>> n_jobs = 8
>> n_estimators = 400
>> min_child_weight = 1
>> max_depth = 2
>> learning_rate = 0.05
>> gamma = 0.5
>> colsample_bytree = 0.6
Root Mean Squared Error: 13.465582108950178
R-squared: 0.9581717137483754
[285.15 243.75 482.05 364.65 263.55 432.15 304.77 411.15 308.85 316.25
 378.05 279.35 225.05 346.95 369.55 309.65 400.65 261.15 366.   298.75]
[279.9367  250.44186 457.34003 357.85486 274.72754 407.4804  302.09875
 410.868   314.59467 302.8743  367.90424 260.9136  216.21031 348.17484
 370.43466 290.79147 388.50314 258.10825 359.51752 303.5261 ]
yay, we ran!!
PICKLE SAVED
