boiling_point
('RDKit',)
('SVR',)
Converted file to csv file called: /home/cat/descriptors/datasets_and_SMILES/values_boiling_point_boiling_point.csv
the property I'm extracting is boiling_point
Extracted props saved to: /home/cat/descriptors/datasets_and_SMILES/values_boiling_point_boiling_point_boiling_point.csv
(191, 217)
RDKit descriptors ran correctly
descriptor_function returned: rdkit_descriptors.csv
Current model running: SVR
Loading features from: rdkit_descriptors.csv
It's been split!!
Loading features from: rdkit_descriptors.csv
Best score was using the following parameter set:
>> svr__kernel = rbf
>> svr__gamma = 0.0001
>> svr__epsilon = 0.01
>> svr__C = 545.5594781168514
Root Mean Squared Error: 4.172214153384402
R-squared: 0.9300985516186261
[285.15 243.75 482.05 364.65 263.55 432.15 304.77 411.15 308.85 316.25
 378.05 279.35 225.05 346.95 369.55 309.65 400.65 261.15 366.   298.75]
[281.32903457 248.8910244  469.27145998 357.10329833 285.3509447
 417.52734852 288.36638411 410.94824442 296.73081014 296.01724933
 356.09099364 276.09671357 231.60655696 340.6640162  361.85069896
 283.44239992 395.03612492 266.68990266 361.86561299 295.73907427]
yay, we ran!!
Traceback (most recent call last):
  File "/home/cat/descriptors/python_scripts/descriptor_models.py", line 567, in <module>
    with open(f'..new_results/{config.property}/pickle_files/BEST_best_model_{config.descriptor}_{config.model}_{config.optimization_algorithm}.pickle', 'wb') as f:
FileNotFoundError: [Errno 2] No such file or directory: "..new_results/boiling_point/pickle_files/BEST_best_model_('RDKit',)_('SVR',)_Random_Search_optimizer.pickle"
