boiling_point
('RDKit',)
('SVR',)
Converted file to csv file called: /home/cat/descriptors/datasets_and_SMILES/values_boiling_point_boiling_point.csv
the property I'm extracting is boiling_point
Extracted props saved to: /home/cat/descriptors/datasets_and_SMILES/values_boiling_point_boiling_point_boiling_point.csv
(191, 217)
RDKit descriptors ran correctly
descriptor_function returned: rdkit_descriptors.csv
Current model running: SVR
Loading features from: rdkit_descriptors.csv
It's been split!!
Loading features from: rdkit_descriptors.csv
Best score was using the following parameter set:
>> svr__kernel = rbf
>> svr__gamma = 0.0001
>> svr__epsilon = 1.0
>> svr__C = 1000.0
Root Mean Squared Error: 3.851261556789072
R-squared: 0.9492504886693005
[285.15 243.75 482.05 364.65 263.55 432.15 304.77 411.15 308.85 316.25
 378.05 279.35 225.05 346.95 369.55 309.65 400.65 261.15 366.   298.75]
[281.39636639 245.52990163 480.31978806 357.96490149 282.33089578
 423.08917217 293.08295819 410.88253098 296.51129708 296.21491777
 362.92680251 275.71933731 226.56881064 339.97501512 364.94562252
 286.17673365 396.34940482 261.47909856 365.80562886 297.93821352]
yay, we ran!!
The results as dataframe are:
   Descriptor Model             Optimization  ...       R2  y_true      y_pred
0       RDKit   SVR  Random_Search_optimizer  ...  0.94925  285.15  281.396366
1       RDKit   SVR  Random_Search_optimizer  ...  0.94925  243.75  245.529902
2       RDKit   SVR  Random_Search_optimizer  ...  0.94925  482.05  480.319788
3       RDKit   SVR  Random_Search_optimizer  ...  0.94925  364.65  357.964901
4       RDKit   SVR  Random_Search_optimizer  ...  0.94925  263.55  282.330896
5       RDKit   SVR  Random_Search_optimizer  ...  0.94925  432.15  423.089172
6       RDKit   SVR  Random_Search_optimizer  ...  0.94925  304.77  293.082958
7       RDKit   SVR  Random_Search_optimizer  ...  0.94925  411.15  410.882531
8       RDKit   SVR  Random_Search_optimizer  ...  0.94925  308.85  296.511297
9       RDKit   SVR  Random_Search_optimizer  ...  0.94925  316.25  296.214918
10      RDKit   SVR  Random_Search_optimizer  ...  0.94925  378.05  362.926803
11      RDKit   SVR  Random_Search_optimizer  ...  0.94925  279.35  275.719337
12      RDKit   SVR  Random_Search_optimizer  ...  0.94925  225.05  226.568811
13      RDKit   SVR  Random_Search_optimizer  ...  0.94925  346.95  339.975015
14      RDKit   SVR  Random_Search_optimizer  ...  0.94925  369.55  364.945623
15      RDKit   SVR  Random_Search_optimizer  ...  0.94925  309.65  286.176734
16      RDKit   SVR  Random_Search_optimizer  ...  0.94925  400.65  396.349405
17      RDKit   SVR  Random_Search_optimizer  ...  0.94925  261.15  261.479099
18      RDKit   SVR  Random_Search_optimizer  ...  0.94925  366.00  365.805629
19      RDKit   SVR  Random_Search_optimizer  ...  0.94925  298.75  297.938214
20      RDKit   SVR  Random_Search_optimizer  ...  0.94925  271.25  273.447470
21      RDKit   SVR  Random_Search_optimizer  ...  0.94925  259.25  272.120119
22      RDKit   SVR  Random_Search_optimizer  ...  0.94925  331.08  323.198359
23      RDKit   SVR  Random_Search_optimizer  ...  0.94925  350.15  350.200799
24      RDKit   SVR  Random_Search_optimizer  ...  0.94925  261.45  259.668904
25      RDKit   SVR  Random_Search_optimizer  ...  0.94925  332.75  323.511363
26      RDKit   SVR  Random_Search_optimizer  ...  0.94925  276.17  282.017334
27      RDKit   SVR  Random_Search_optimizer  ...  0.94925  336.42  337.442283
28      RDKit   SVR  Random_Search_optimizer  ...  0.94925  261.55  271.865859
29      RDKit   SVR  Random_Search_optimizer  ...  0.94925  332.65  331.817490
30      RDKit   SVR  Random_Search_optimizer  ...  0.94925  303.15  301.190678
31      RDKit   SVR  Random_Search_optimizer  ...  0.94925  374.85  369.670342
32      RDKit   SVR  Random_Search_optimizer  ...  0.94925  296.45  286.408995
33      RDKit   SVR  Random_Search_optimizer  ...  0.94925  419.45  415.561402
34      RDKit   SVR  Random_Search_optimizer  ...  0.94925  145.15  194.377716
35      RDKit   SVR  Random_Search_optimizer  ...  0.94925  305.00  348.489197
36      RDKit   SVR  Random_Search_optimizer  ...  0.94925  318.25  309.606198
37      RDKit   SVR  Random_Search_optimizer  ...  0.94925  288.25  279.875604
38      RDKit   SVR  Random_Search_optimizer  ...  0.94925  184.55  222.441668

[39 rows x 7 columns]
results saved as parquet to ../new_results/boiling_point/parquet_files/R_a_n_d_o_m___S_e_a_r_c_h___o_p_t_i_m_i_z_e_rSVR_RDKit.parquet
