boiling_point
('SMILES',)
('XGBoost',)
Converted file to csv file called: /home/cat/descriptors/datasets_and_SMILES/values_boiling_point_boiling_point.csv
the property I'm extracting is boiling_point
Extracted props saved to: /home/cat/descriptors/datasets_and_SMILES/values_boiling_point_boiling_point_boiling_point.csv
flattened one hot matrices all saved without SMILES lables and seperators added.
descriptor_function returned: SMILES_matrices.csv
Current model running: XGBoost
Loading features from: SMILES_matrices.csv
It's been split!!
loading feaure from: SMILES_matrices.csv
Best score was using the following parameter set:
>> subsample = 0.9
>> random_state = 42
>> n_jobs = 8
>> n_estimators = 200
>> max_depth = 4
>> learning_rate = 0.1
>> colsample_bytree = 0.8
Root Mean Squared Error: 6.317332402871699
R-squared: 0.6325868274104341
[285.15 243.75 482.05 364.65 263.55 432.15 304.77 411.15 308.85 316.25
 378.05 279.35 225.05 346.95 369.55 309.65 400.65 261.15 366.   298.75]
[278.86435 225.05373 441.81622 367.9102  343.2293  424.84775 260.5369
 367.48697 337.54877 284.68854 372.0922  280.367   263.42087 328.0664
 344.51617 294.33304 327.55746 314.6096  358.3472  296.92484]
yay, we ran!!
Traceback (most recent call last):
  File "/home/cat/descriptors/python_scripts/descriptor_models.py", line 567, in <module>
    with open(f'..new_results/{config.property}/pickle_files/BEST_best_model_{config.descriptor}_{config.model}_{config.optimization_algorithm}.pickle', 'wb') as f:
FileNotFoundError: [Errno 2] No such file or directory: "..new_results/boiling_point/pickle_files/BEST_best_model_('SMILES',)_('XGBoost',)_Random_Search_optimizer.pickle"
