flashpoint
('SMILES',)
('XGBoost',)
Converted file to csv file called: /home/cat/descriptors/datasets_and_SMILES/values_flashpoint_flashpoint.csv
the property I'm extracting is flashpoint
Extracted props saved to: /home/cat/descriptors/datasets_and_SMILES/values_flashpoint_flashpoint_flashpoint.csv
flattened one hot matrices all saved without SMILES lables and seperators added.
descriptor_function returned: SMILES_matrices.csv
Current model running: XGBoost
Loading features from: SMILES_matrices.csv
It's been split!!
loading feaure from: SMILES_matrices.csv
Best score was using the following parameter set:
>> subsample = 0.6
>> reg_lambda = 1
>> reg_alpha = 0.5
>> random_state = 42
>> n_jobs = 8
>> n_estimators = 100
>> min_child_weight = 5
>> max_depth = 4
>> learning_rate = 0.05
>> gamma = 0
>> colsample_bytree = 0.7
Root Mean Squared Error: 28.130685806274414
R-squared: 0.7424589395523071
[208 350 211 116 182 298 157 149 153  70 147 199 265 149 116 164 129 173
 156 190]
[184.61012  310.21133  205.24658  177.67987  170.57202  299.38568
 144.43056  152.78581  154.62337   96.579544 132.2533   219.67822
 241.30238  219.67822  138.66638  195.83618  161.15204  169.59363
 184.55902  188.6179  ]
yay, we ran!!
PICKLE SAVED
