flashpoint
('RDKit',)
('Random_Forest',)
Converted file to csv file called: /home/cat/descriptors/datasets_and_SMILES/values_flashpoint_flashpoint.csv
the property I'm extracting is flashpoint
Extracted props saved to: /home/cat/descriptors/datasets_and_SMILES/values_flashpoint_flashpoint_flashpoint.csv
(151, 217)
RDKit descriptors ran correctly
descriptor_function returned: rdkit_descriptors.csv
Current model running: Random_Forest
Loading features from: rdkit_descriptors.csv
It's been split!!
Random forest ran correctly!!
Best score was using the following parameter set:
>> randomforestregressor__n_estimators = 1500
>> randomforestregressor__min_samples_split = 2
>> randomforestregressor__min_samples_leaf = 1
>> randomforestregressor__max_features = sqrt
>> randomforestregressor__max_depth = 60
Root Mean Squared Error: 19.71073533545899
R-squared: 0.8735579644931781
[208 350 211 116 182 298 157 149 153  70 147 199 265 149 116 164 129 173
 156 190]
[198.2135     319.42866667 196.22361111 176.7488     212.16522222
 300.76       153.80766667 148.91711111 154.82133333  94.27466667
 137.69972487 156.19982963 239.18911111 178.52111111 127.09742222
 165.59638889 137.41086984 164.793      157.55911111 192.80734444]
yay, we ran!!
PICKLE SAVED
