flashpoint
('RDKit',)
('SVR',)
Converted file to csv file called: /home/cat/descriptors/datasets_and_SMILES/values_flashpoint_flashpoint.csv
the property I'm extracting is flashpoint
Extracted props saved to: /home/cat/descriptors/datasets_and_SMILES/values_flashpoint_flashpoint_flashpoint.csv
(151, 217)
RDKit descriptors ran correctly
descriptor_function returned: rdkit_descriptors.csv
Current model running: SVR
Loading features from: rdkit_descriptors.csv
It's been split!!
Loading features from: rdkit_descriptors.csv
Best score was using the following parameter set:
>> svr__kernel = rbf
>> svr__gamma = 0.00035938136638046257
>> svr__epsilon = 0.1
>> svr__C = 1000.0
Root Mean Squared Error: 4.527262462027999
R-squared: 0.8632811120997322
[208 350 211 116 182 298 157 149 153  70 147 199 265 149 116 164 129 173
 156 190]
[203.50092452 339.45659886 207.13705666 175.12327385 231.4978405
 308.07547231 155.13409613 147.95601463 157.78170515  79.0353481
 134.44909133 154.62146839 270.68907058 195.20590589 119.22047217
 176.13790371 129.80098447 175.89268798 154.25071377 191.64169589]
yay, we ran!!
Traceback (most recent call last):
  File "/home/cat/descriptors/python_scripts/descriptor_models.py", line 567, in <module>
    with open(f'..new_results/{config.property}/pickle_files/BEST_best_model_{config.descriptor}_{config.model}_{config.optimization_algorithm}.pickle', 'wb') as f:
FileNotFoundError: [Errno 2] No such file or directory: "..new_results/flashpoint/pickle_files/BEST_best_model_('RDKit',)_('SVR',)_Random_Search_optimizer.pickle"
