flashpoint
('Bit Morgan',)
('SVR',)
Converted file to csv file called: /home/cat/descriptors/datasets_and_SMILES/values_flashpoint_flashpoint.csv
the property I'm extracting is flashpoint
Extracted props saved to: /home/cat/descriptors/datasets_and_SMILES/values_flashpoint_flashpoint_flashpoint.csv
Molecule 1 Fingerprint: [0 0 0 ... 0 0 0]
Molecule 2 Fingerprint: [0 0 0 ... 0 0 0]
Molecule 3 Fingerprint: [0 0 0 ... 0 0 0]
Molecule 4 Fingerprint: [0 0 0 ... 0 0 0]
Molecule 5 Fingerprint: [0 0 0 ... 0 0 0]
Molecule 6 Fingerprint: [0 0 0 ... 0 0 0]
Molecule 7 Fingerprint: [0 0 0 ... 0 0 0]
Molecule 8 Fingerprint: [0 0 0 ... 0 0 0]
Molecule 9 Fingerprint: [0 0 0 ... 0 0 0]
Molecule 10 Fingerprint: [0 0 0 ... 0 0 0]
Molecule 11 Fingerprint: [0 0 0 ... 0 0 0]
Molecule 12 Fingerprint: [0 0 0 ... 0 0 0]
Molecule 13 Fingerprint: [0 0 1 ... 0 0 0]
Molecule 14 Fingerprint: [0 0 0 ... 0 0 0]
Molecule 15 Fingerprint: [0 0 0 ... 0 0 0]
Molecule 16 Fingerprint: [0 0 0 ... 0 0 0]
Molecule 17 Fingerprint: [0 0 0 ... 0 0 0]
Molecule 18 Fingerprint: [0 0 0 ... 0 0 0]
Molecule 19 Fingerprint: [0 0 0 ... 0 0 0]
Molecule 20 Fingerprint: [0 0 0 ... 0 0 0]
Molecule 21 Fingerprint: [0 0 0 ... 0 0 0]
Molecule 22 Fingerprint: [0 0 0 ... 0 0 0]
Molecule 23 Fingerprint: [0 0 0 ... 0 0 0]
Molecule 24 Fingerprint: [0 0 0 ... 0 0 0]
Molecule 25 Fingerprint: [0 0 0 ... 0 0 0]
Molecule 26 Fingerprint: [0 0 0 ... 0 0 0]
Molecule 27 Fingerprint: [0 0 0 ... 0 0 0]
Molecule 28 Fingerprint: [0 0 0 ... 0 0 0]
Molecule 29 Fingerprint: [0 0 0 ... 0 0 0]
Molecule 30 Fingerprint: [0 0 0 ... 0 0 0]
Molecule 31 Fingerprint: [0 0 0 ... 0 0 0]
Molecule 32 Fingerprint: [0 0 0 ... 0 0 0]
Molecule 33 Fingerprint: [0 0 0 ... 0 0 0]
Molecule 34 Fingerprint: [0 0 0 ... 0 0 0]
Molecule 35 Fingerprint: [0 0 0 ... 0 0 0]
Molecule 36 Fingerprint: [0 0 0 ... 0 0 0]
Molecule 37 Fingerprint: [0 0 0 ... 0 0 0]
Molecule 38 Fingerprint: [0 0 0 ... 0 0 0]
Molecule 39 Fingerprint: [0 0 0 ... 0 0 0]
Molecule 40 Fingerprint: [0 0 0 ... 0 0 0]
Molecule 41 Fingerprint: [0 0 0 ... 0 0 0]
Molecule 42 Fingerprint: [0 0 0 ... 0 0 0]
Molecule 43 Fingerprint: [0 0 0 ... 0 0 0]
Molecule 44 Fingerprint: [0 0 0 ... 0 0 0]
Molecule 45 Fingerprint: [0 0 0 ... 0 0 0]
Molecule 46 Fingerprint: [0 0 0 ... 0 0 0]
Molecule 47 Fingerprint: [0 0 0 ... 0 0 0]
Molecule 48 Fingerprint: [0 0 0 ... 0 0 0]
Molecule 49 Fingerprint: [0 0 0 ... 0 0 0]
Molecule 50 Fingerprint: [0 0 0 ... 0 0 0]
Molecule 51 Fingerprint: [0 0 0 ... 0 0 0]
Molecule 52 Fingerprint: [0 0 0 ... 0 0 0]
Molecule 53 Fingerprint: [0 0 0 ... 0 0 0]
Molecule 54 Fingerprint: [0 0 0 ... 0 0 0]
Molecule 55 Fingerprint: [0 0 0 ... 0 0 0]
Molecule 56 Fingerprint: [0 0 0 ... 0 0 0]
Molecule 57 Fingerprint: [0 0 0 ... 0 0 0]
Molecule 58 Fingerprint: [0 0 0 ... 0 0 0]
Molecule 59 Fingerprint: [0 0 0 ... 0 0 0]
Molecule 60 Fingerprint: [0 0 0 ... 0 0 0]
Molecule 61 Fingerprint: [0 0 0 ... 0 0 0]
Molecule 62 Fingerprint: [0 0 0 ... 0 0 0]
Molecule 63 Fingerprint: [0 0 0 ... 0 0 0]
Molecule 64 Fingerprint: [0 0 0 ... 0 0 0]
Molecule 65 Fingerprint: [0 0 0 ... 0 0 0]
Molecule 66 Fingerprint: [0 0 0 ... 0 0 0]
Molecule 67 Fingerprint: [0 0 0 ... 0 0 0]
Molecule 68 Fingerprint: [0 0 0 ... 0 0 0]
Molecule 69 Fingerprint: [0 0 0 ... 0 0 0]
Molecule 70 Fingerprint: [0 0 0 ... 0 0 0]
Molecule 71 Fingerprint: [0 0 0 ... 0 0 0]
Molecule 72 Fingerprint: [0 0 0 ... 0 0 0]
Molecule 73 Fingerprint: [0 0 0 ... 0 0 0]
Molecule 74 Fingerprint: [0 0 0 ... 0 0 0]
Molecule 75 Fingerprint: [0 0 0 ... 0 0 0]
Molecule 76 Fingerprint: [0 0 0 ... 0 0 0]
Molecule 77 Fingerprint: [0 0 0 ... 0 0 0]
Molecule 78 Fingerprint: [0 0 0 ... 0 0 0]
Molecule 79 Fingerprint: [0 0 0 ... 0 0 0]
Molecule 80 Fingerprint: [0 0 0 ... 0 0 0]
Molecule 81 Fingerprint: [0 0 0 ... 0 0 0]
Molecule 82 Fingerprint: [0 0 0 ... 0 0 0]
Molecule 83 Fingerprint: [0 0 0 ... 0 0 0]
Molecule 84 Fingerprint: [0 0 0 ... 0 0 0]
Molecule 85 Fingerprint: [0 0 0 ... 0 0 0]
Molecule 86 Fingerprint: [0 0 0 ... 0 0 0]
Molecule 87 Fingerprint: [0 0 0 ... 0 0 0]
Molecule 88 Fingerprint: [0 0 0 ... 0 0 0]
Molecule 89 Fingerprint: [0 0 0 ... 0 0 0]
Molecule 90 Fingerprint: [0 0 0 ... 0 0 0]
Molecule 91 Fingerprint: [0 0 0 ... 0 0 0]
Molecule 92 Fingerprint: [0 0 0 ... 0 0 0]
Molecule 93 Fingerprint: [0 0 1 ... 0 0 0]
Molecule 94 Fingerprint: [0 0 0 ... 0 0 0]
Molecule 95 Fingerprint: [0 0 0 ... 0 0 0]
Molecule 96 Fingerprint: [0 0 0 ... 0 0 0]
Molecule 97 Fingerprint: [0 0 0 ... 0 0 0]
Molecule 98 Fingerprint: [0 0 0 ... 0 0 0]
Molecule 99 Fingerprint: [0 0 0 ... 0 0 0]
Molecule 100 Fingerprint: [0 0 0 ... 0 0 0]
Molecule 101 Fingerprint: [0 0 0 ... 0 0 0]
Molecule 102 Fingerprint: [0 0 0 ... 0 0 0]
Molecule 103 Fingerprint: [0 0 0 ... 0 0 0]
Molecule 104 Fingerprint: [0 0 0 ... 0 0 0]
Molecule 105 Fingerprint: [0 0 0 ... 0 0 0]
Molecule 106 Fingerprint: [0 0 0 ... 0 0 0]
Molecule 107 Fingerprint: [0 0 0 ... 0 0 0]
Molecule 108 Fingerprint: [0 0 0 ... 0 0 0]
Molecule 109 Fingerprint: [0 0 0 ... 0 0 0]
Molecule 110 Fingerprint: [0 0 0 ... 0 0 0]
Molecule 111 Fingerprint: [0 0 0 ... 0 0 0]
Molecule 112 Fingerprint: [0 0 0 ... 0 0 0]
Molecule 113 Fingerprint: [0 0 0 ... 0 0 0]
Molecule 114 Fingerprint: [0 0 0 ... 0 0 0]
Molecule 115 Fingerprint: [0 0 0 ... 0 0 0]
Molecule 116 Fingerprint: [0 0 0 ... 0 0 0]
Molecule 117 Fingerprint: [0 0 0 ... 0 0 0]
Molecule 118 Fingerprint: [0 0 0 ... 0 0 0]
Molecule 119 Fingerprint: [0 0 0 ... 0 0 0]
Molecule 120 Fingerprint: [0 0 0 ... 0 0 0]
Molecule 121 Fingerprint: [0 0 0 ... 0 0 0]
Molecule 122 Fingerprint: [0 0 0 ... 0 0 0]
Molecule 123 Fingerprint: [0 0 0 ... 0 0 0]
Molecule 124 Fingerprint: [0 0 0 ... 0 0 0]
Molecule 125 Fingerprint: [0 0 0 ... 0 0 0]
Molecule 126 Fingerprint: [0 0 0 ... 0 0 0]
Molecule 127 Fingerprint: [0 0 0 ... 0 0 0]
Molecule 128 Fingerprint: [0 0 0 ... 0 0 0]
Molecule 129 Fingerprint: [0 0 0 ... 0 0 0]
Molecule 130 Fingerprint: [0 0 0 ... 0 0 0]
Molecule 131 Fingerprint: [0 0 0 ... 0 0 0]
Molecule 132 Fingerprint: [0 0 0 ... 0 0 0]
Molecule 133 Fingerprint: [0 0 0 ... 0 0 0]
Molecule 134 Fingerprint: [0 0 0 ... 0 0 0]
Molecule 135 Fingerprint: [0 0 0 ... 0 0 0]
Molecule 136 Fingerprint: [0 0 0 ... 0 0 0]
Molecule 137 Fingerprint: [0 0 0 ... 0 0 0]
Molecule 138 Fingerprint: [0 0 0 ... 0 0 0]
Molecule 139 Fingerprint: [0 0 0 ... 0 0 0]
Molecule 140 Fingerprint: [0 0 0 ... 0 0 0]
Molecule 141 Fingerprint: [0 0 0 ... 0 0 0]
Molecule 142 Fingerprint: [0 0 0 ... 0 0 0]
Molecule 143 Fingerprint: [0 0 0 ... 0 0 0]
Molecule 144 Fingerprint: [0 0 0 ... 0 0 0]
Molecule 145 Fingerprint: [0 0 0 ... 0 0 0]
Molecule 146 Fingerprint: [0 0 0 ... 0 0 0]
Molecule 147 Fingerprint: [0 0 0 ... 0 0 0]
Molecule 148 Fingerprint: [0 0 0 ... 0 0 0]
Molecule 149 Fingerprint: [0 0 0 ... 0 0 0]
Molecule 150 Fingerprint: [0 0 0 ... 0 0 0]
Molecule 151 Fingerprint: [0 0 0 ... 0 0 0]
[[0 0 0 ... 0 0 0]
 [0 0 0 ... 0 0 0]
 [0 0 0 ... 0 0 0]
 ...
 [0 0 0 ... 0 0 0]
 [0 0 0 ... 0 0 0]
 [0 0 0 ... 0 0 0]]
(151, 4096)
SMILES to BitMorgan ran correctly
descriptor_function returned: bit_array_fingerprint.csv
Current model running: SVR
Loading features from: bit_array_fingerprint.csv
It's been split!!
Loading features from: bit_array_fingerprint.csv
Best score was using the following parameter set:
>> svr__kernel = rbf
>> svr__gamma = 0.016681005372000592
>> svr__epsilon = 0.46415888336127775
>> svr__C = 545.5594781168514
Root Mean Squared Error: 7.155701124194062
R-squared: 0.14671404528082133
[208 350 211 116 182 298 157 149 153  70 147 199 265 149 116 164 129 173
 156 190]
[166.27461005 272.53565535 164.83837168 144.19981718 353.38543669
 272.53565535 156.26127541 164.44851111 163.66580571 163.24801249
 166.26083123 165.90733857 195.35398262 166.2610794  154.29515446
 164.88981241 166.17220296 165.66408531 163.89867071 165.88424605]
yay, we ran!!
The results as dataframe are:
    Descriptor Model             Optimization  ...        R2  y_true      y_pred
0   Bit Morgan   SVR  Random_Search_optimizer  ...  0.146714     208  166.274610
1   Bit Morgan   SVR  Random_Search_optimizer  ...  0.146714     350  272.535655
2   Bit Morgan   SVR  Random_Search_optimizer  ...  0.146714     211  164.838372
3   Bit Morgan   SVR  Random_Search_optimizer  ...  0.146714     116  144.199817
4   Bit Morgan   SVR  Random_Search_optimizer  ...  0.146714     182  353.385437
5   Bit Morgan   SVR  Random_Search_optimizer  ...  0.146714     298  272.535655
6   Bit Morgan   SVR  Random_Search_optimizer  ...  0.146714     157  156.261275
7   Bit Morgan   SVR  Random_Search_optimizer  ...  0.146714     149  164.448511
8   Bit Morgan   SVR  Random_Search_optimizer  ...  0.146714     153  163.665806
9   Bit Morgan   SVR  Random_Search_optimizer  ...  0.146714      70  163.248012
10  Bit Morgan   SVR  Random_Search_optimizer  ...  0.146714     147  166.260831
11  Bit Morgan   SVR  Random_Search_optimizer  ...  0.146714     199  165.907339
12  Bit Morgan   SVR  Random_Search_optimizer  ...  0.146714     265  195.353983
13  Bit Morgan   SVR  Random_Search_optimizer  ...  0.146714     149  166.261079
14  Bit Morgan   SVR  Random_Search_optimizer  ...  0.146714     116  154.295154
15  Bit Morgan   SVR  Random_Search_optimizer  ...  0.146714     164  164.889812
16  Bit Morgan   SVR  Random_Search_optimizer  ...  0.146714     129  166.172203
17  Bit Morgan   SVR  Random_Search_optimizer  ...  0.146714     173  165.664085
18  Bit Morgan   SVR  Random_Search_optimizer  ...  0.146714     156  163.898671
19  Bit Morgan   SVR  Random_Search_optimizer  ...  0.146714     190  165.884246
20  Bit Morgan   SVR  Random_Search_optimizer  ...  0.146714     207  166.201958
21  Bit Morgan   SVR  Random_Search_optimizer  ...  0.146714     141  165.824062
22  Bit Morgan   SVR  Random_Search_optimizer  ...  0.146714     106  154.218361
23  Bit Morgan   SVR  Random_Search_optimizer  ...  0.146714     110  163.387081
24  Bit Morgan   SVR  Random_Search_optimizer  ...  0.146714     133  174.383779
25  Bit Morgan   SVR  Random_Search_optimizer  ...  0.146714     178  272.535655
26  Bit Morgan   SVR  Random_Search_optimizer  ...  0.146714     193  148.541083
27  Bit Morgan   SVR  Random_Search_optimizer  ...  0.146714     150  171.509792
28  Bit Morgan   SVR  Random_Search_optimizer  ...  0.146714     139  163.713238
29  Bit Morgan   SVR  Random_Search_optimizer  ...  0.146714     174  166.247089
30  Bit Morgan   SVR  Random_Search_optimizer  ...  0.146714     179  166.232587

[31 rows x 7 columns]
results saved as parquet to ../new_results/flashpoint/parquet_files/R_a_n_d_o_m___S_e_a_r_c_h___o_p_t_i_m_i_z_e_rSVR_Bit Morgan.parquet
