flashpoint
('RDKit',)
('SVR',)
Converted file to csv file called: /home/cat/descriptors/datasets_and_SMILES/values_flashpoint_flashpoint.csv
the property I'm extracting is flashpoint
Extracted props saved to: /home/cat/descriptors/datasets_and_SMILES/values_flashpoint_flashpoint_flashpoint.csv
(151, 217)
RDKit descriptors ran correctly
descriptor_function returned: rdkit_descriptors.csv
Current model running: SVR
Loading features from: rdkit_descriptors.csv
It's been split!!
Loading features from: rdkit_descriptors.csv
Best score was using the following parameter set:
>> svr__kernel = rbf
>> svr__gamma = 0.004641588833612782
>> svr__epsilon = 0.001
>> svr__C = 297.63514416313194
Root Mean Squared Error: 25.4165681286362
R-squared: 0.7897579198910809
[208 350 211 116 182 298 157 149 153  70 147 199 265 149 116 164 129 173
 156 190]
[208.58389854 327.84513066 201.45328436 200.8687078  235.7430261
 302.98722481 155.06758657 145.10263115 158.40703418  97.58561677
 141.36218834 216.84259177 257.67458681 219.47748026 111.67279474
 176.15339724 146.65074408 175.43717233 151.40712426 192.99311748]
yay, we ran!!
PICKLE SAVED
