flashpoint
('RDKit',)
('XGBoost',)
Converted file to csv file called: /home/cat/descriptors/datasets_and_SMILES/values_flashpoint_flashpoint.csv
the property I'm extracting is flashpoint
Extracted props saved to: /home/cat/descriptors/datasets_and_SMILES/values_flashpoint_flashpoint_flashpoint.csv
(151, 217)
RDKit descriptors ran correctly
descriptor_function returned: rdkit_descriptors.csv
Current model running: XGBoost
Loading features from: rdkit_descriptors.csv
It's been split!!
loading feaure from: rdkit_descriptors.csv
Best score was using the following parameter set:
>> colsample_bytree = 0.7
>> gamma = 0.5
>> learning_rate = 0.05
>> max_depth = 3
>> min_child_weight = 1
>> n_estimators = 400
>> n_jobs = 8
>> random_state = 42
>> reg_alpha = 0
>> reg_lambda = 1
>> subsample = 0.6
Root Mean Squared Error: 12.791621208190918
R-squared: 0.9467478394508362
Train R2: 0.9981669187545776
best alpha: {'colsample_bytree': 0.7, 'gamma': 0.5, 'learning_rate': 0.05, 'max_depth': 3, 'min_child_weight': 1, 'n_estimators': 400, 'n_jobs': 8, 'random_state': 42, 'reg_alpha': 0, 'reg_lambda': 1, 'subsample': 0.6}
[208 350 211 116 182 298 157 149 153  70 147 199 265 149 116 164 129 173
 156 190]
[199.02826 339.34277 202.8337  140.4842  221.63875 297.78848 154.98232
 148.23454 156.26299  81.24582 134.30629 171.3376  249.33603 174.79369
 115.30951 173.64163 139.1791  175.75262 157.4635  187.62292]
PICKLE SAVED
