flashpoint
('RDKit',)
('XGBoost',)
Converted file to csv file called: /home/cat/descriptors/datasets_and_SMILES/values_flashpoint_flashpoint.csv
the property I'm extracting is flashpoint
Extracted props saved to: /home/cat/descriptors/datasets_and_SMILES/values_flashpoint_flashpoint_flashpoint.csv
(151, 217)
RDKit descriptors ran correctly
descriptor_function returned: rdkit_descriptors.csv
Current model running: XGBoost
Loading features from: rdkit_descriptors.csv
It's been split!!
loading feaure from: rdkit_descriptors.csv
Best score was using the following parameter set:
>> subsample = 0.6
>> reg_lambda = 1
>> reg_alpha = 0
>> random_state = 42
>> n_jobs = 8
>> n_estimators = 400
>> min_child_weight = 1
>> max_depth = 2
>> learning_rate = 0.05
>> gamma = 0.5
>> colsample_bytree = 0.6
Root Mean Squared Error: 13.885258674621582
R-squared: 0.9372528791427612
[208 350 211 116 182 298 157 149 153  70 147 199 265 149 116 164 129 173
 156 190]
[197.40475  335.5338   206.80127  142.61453  219.06549  299.94424
 151.89459  144.69902  156.66469   81.624016 135.9139   167.15236
 244.62454  169.4601   121.38767  174.09225  140.23157  170.1248
 163.38615  188.68039 ]
yay, we ran!!
PICKLE SAVED
