nohup: ignoring input
Viscosity_as_logVis
('RDKit',)
('XGBoost', 'SVR')
Converted file to csv file called: /home/cat/descriptors/datasets_and_SMILES/values_Viscosity_as_logVis_Viscosity_as_logVis.csv
the property I'm extracting is Viscosity_as_logVis
Extracted props saved to: /home/cat/descriptors/datasets_and_SMILES/values_Viscosity_as_logVis_Viscosity_as_logVis_Viscosity_as_logVis.csv
(304, 217)
RDKit descriptors ran correctly
descriptor_function returned: rdkit_descriptors.csv
Current model running: XGBoost
Loading features from: rdkit_descriptors.csv
It's been split!!
loading feaure from: rdkit_descriptors.csv
Best score was using the following parameter set:
>> subsample = 0.7
>> random_state = 42
>> n_jobs = 8
>> n_estimators = 200
>> max_depth = 8
>> learning_rate = 0.1
>> colsample_bytree = 0.7
Root Mean Squared Error: 0.629693539365563
R-squared: 0.3695852124937753
[1.571 0.954 1.534 1.779 1.19  1.415 1.459 2.992 1.698 1.114 2.167 2.061
 3.205 1.29  2.99  2.19  1.654 1.576 2.017 2.186]
[1.5502595 1.3442137 1.5502595 1.3442137 1.5656892 1.4699264 1.5120839
 2.292668  1.5656892 1.7537355 1.8299143 1.6563706 2.7383194 1.5502595
 2.6393013 1.4699264 1.4279493 1.5502595 2.2021375 1.5502595]
yay, we ran!!
Current model running: SVR
Loading features from: rdkit_descriptors.csv
It's been split!!
Loading features from: rdkit_descriptors.csv
Best score was using the following parameter set:
>> svr__kernel = rbf
>> svr__gamma = 0.00035938136638046257
>> svr__epsilon = 0.46415888336127775
>> svr__C = 4.281332398719392
Root Mean Squared Error: 0.6194404626930905
R-squared: 0.40965250540605025
[1.571 0.954 1.534 1.779 1.19  1.415 1.459 2.992 1.698 1.114 2.167 2.061
 3.205 1.29  2.99  2.19  1.654 1.576 2.017 2.186]
[1.60131359 1.41510739 1.60131359 1.41510739 1.53504887 1.57840189
 1.65508329 2.05916362 1.53504887 1.69182746 2.01525078 1.68598428
 2.69762313 1.60131359 2.58833062 1.57840189 1.7214985  1.60131359
 2.01096739 1.60131359]
yay, we ran!!
The results as dataframe are:
    Descriptor    Model   Optimization      RMSE        R2  y_true    y_pred
0        RDKit  XGBoost  Random Search  0.629694  0.369585   1.571  1.550259
1        RDKit  XGBoost  Random Search  0.629694  0.369585   0.954  1.344214
2        RDKit  XGBoost  Random Search  0.629694  0.369585   1.534  1.550259
3        RDKit  XGBoost  Random Search  0.629694  0.369585   1.779  1.344214
4        RDKit  XGBoost  Random Search  0.629694  0.369585   1.190  1.565689
..         ...      ...            ...       ...       ...     ...       ...
117      RDKit      SVR  Random Search  0.619440  0.409653   1.411  2.010967
118      RDKit      SVR  Random Search  0.619440  0.409653   1.013  1.578402
119      RDKit      SVR  Random Search  0.619440  0.409653   1.954  1.601314
120      RDKit      SVR  Random Search  0.619440  0.409653   0.979  1.535049
121      RDKit      SVR  Random Search  0.619440  0.409653   1.762  2.059164

[122 rows x 7 columns]
compare models has run
