nohup: ignoring input
Viscosity_as_logVis
('RDKit',)
('SVR', 'XGBoost')
Converted file to csv file called: /home/cat/descriptors/datasets_and_SMILES/values_Viscosity_as_logVis_Viscosity_as_logVis.csv
the property I'm extracting is Viscosity_as_logVis
Extracted props saved to: /home/cat/descriptors/datasets_and_SMILES/values_Viscosity_as_logVis_Viscosity_as_logVis_Viscosity_as_logVis.csv
(304, 217)
RDKit descriptors ran correctly
descriptor_function returned: rdkit_descriptors.csv
Current model running: SVR
Loading features from: rdkit_descriptors.csv
It's been split!!
Loading features from: rdkit_descriptors.csv
Best score was using the following parameter set:
>> svr__C = 7.847599703514606
>> svr__epsilon = 0.46415888336127775
>> svr__gamma = 0.001291549665014884
>> svr__kernel = rbf
Root Mean Squared Error: 0.6198059853818627
R-squared: 0.40825785013653293
[1.571 0.954 1.534 1.779 1.19  1.415 1.459 2.992 1.698 1.114 2.167 2.061
 3.205 1.29  2.99  2.19  1.654 1.576 2.017 2.186]
[1.5214462  1.41457605 1.5214462  1.41457605 1.5427229  1.57777239
 1.68664725 2.20981852 1.5427229  1.69239103 1.98356199 1.67622892
 2.71667257 1.5214462  2.6158858  1.57777239 1.66488059 1.5214462
 2.11266831 1.5214462 ]
Current model running: XGBoost
Loading features from: rdkit_descriptors.csv
It's been split!!
loading feaure from: rdkit_descriptors.csv
Best score was using the following parameter set:
>> colsample_bytree = 0.7
>> learning_rate = 0.1
>> max_depth = 8
>> n_estimators = 200
>> n_jobs = 8
>> random_state = 42
>> subsample = 0.7
Root Mean Squared Error: 0.629693539365563
R-squared: 0.3695852124937753
[1.571 0.954 1.534 1.779 1.19  1.415 1.459 2.992 1.698 1.114 2.167 2.061
 3.205 1.29  2.99  2.19  1.654 1.576 2.017 2.186]
[1.5502595 1.3442137 1.5502595 1.3442137 1.5656892 1.4699264 1.5120839
 2.292668  1.5656892 1.7537355 1.8299143 1.6563706 2.7383194 1.5502595
 2.6393013 1.4699264 1.4279493 1.5502595 2.2021375 1.5502595]
The results as dataframe are:
    Descriptor    Model Optimization      RMSE        R2  y_true    y_pred
0        RDKit      SVR  Grid Search  0.408258  0.619806   1.571  1.521446
1        RDKit      SVR  Grid Search  0.408258  0.619806   0.954  1.414576
2        RDKit      SVR  Grid Search  0.408258  0.619806   1.534  1.521446
3        RDKit      SVR  Grid Search  0.408258  0.619806   1.779  1.414576
4        RDKit      SVR  Grid Search  0.408258  0.619806   1.190  1.542723
..         ...      ...          ...       ...       ...     ...       ...
117      RDKit  XGBoost  Grid Search  0.369585  0.629694   1.411  2.202137
118      RDKit  XGBoost  Grid Search  0.369585  0.629694   1.013  1.469926
119      RDKit  XGBoost  Grid Search  0.369585  0.629694   1.954  1.550259
120      RDKit  XGBoost  Grid Search  0.369585  0.629694   0.979  1.565689
121      RDKit  XGBoost  Grid Search  0.369585  0.629694   1.762  2.292668

[122 rows x 7 columns]
compare models has run
