nohup: ignoring input
Viscosity_as_logVis
('RDKit',)
('SVR', 'Random Forest')
Converted file to csv file called: /home/cat/descriptors/datasets_and_SMILES/values_Viscosity_as_logVis_Viscosity_as_logVis.csv
the property I'm extracting is Viscosity_as_logVis
Extracted props saved to: /home/cat/descriptors/datasets_and_SMILES/values_Viscosity_as_logVis_Viscosity_as_logVis_Viscosity_as_logVis.csv
(304, 217)
RDKit descriptors ran correctly
descriptor_function returned: rdkit_descriptors.csv
Current model running: SVR
Loading features from: rdkit_descriptors.csv
It's been split!!
Loading features from: rdkit_descriptors.csv
Best score was using the following parameter set:
>> svr__C = 7.847599703514606
>> svr__epsilon = 0.46415888336127775
>> svr__gamma = 0.001291549665014884
>> svr__kernel = rbf
Root Mean Squared Error: 0.6198059853818627
R-squared: 0.40825785013653293
[1.571 0.954 1.534 1.779 1.19  1.415 1.459 2.992 1.698 1.114 2.167 2.061
 3.205 1.29  2.99  2.19  1.654 1.576 2.017 2.186]
[1.5214462  1.41457605 1.5214462  1.41457605 1.5427229  1.57777239
 1.68664725 2.20981852 1.5427229  1.69239103 1.98356199 1.67622892
 2.71667257 1.5214462  2.6158858  1.57777239 1.66488059 1.5214462
 2.11266831 1.5214462 ]
Current model running: Random Forest
Loading features from: rdkit_descriptors.csv
It's been split!!
Random forest ran correctly!!
Best score was using the following parameter set:
>> randomforestregressor__max_depth = 20
>> randomforestregressor__max_features = log2
>> randomforestregressor__min_samples_leaf = 1
>> randomforestregressor__min_samples_split = 5
>> randomforestregressor__n_estimators = 1500
Root Mean Squared Error: 0.6351907130552631
R-squared: 0.3472813815153324
[1.571 0.954 1.534 1.779 1.19  1.415 1.459 2.992 1.698 1.114 2.167 2.061
 3.205 1.29  2.99  2.19  1.654 1.576 2.017 2.186]
[1.54925164 1.35818751 1.54925164 1.35818751 1.58709174 1.47524086
 1.5586158  2.23180143 1.58709174 1.73742928 1.83718832 1.64899907
 2.30929521 1.54925164 2.50606245 1.47524086 1.43284344 1.54925164
 2.20979808 1.54925164]
The results as dataframe are:
    Descriptor          Model Optimization  ...        R2  y_true    y_pred
0        RDKit            SVR  Grid Search  ...  0.619806   1.571  1.521446
1        RDKit            SVR  Grid Search  ...  0.619806   0.954  1.414576
2        RDKit            SVR  Grid Search  ...  0.619806   1.534  1.521446
3        RDKit            SVR  Grid Search  ...  0.619806   1.779  1.414576
4        RDKit            SVR  Grid Search  ...  0.619806   1.190  1.542723
..         ...            ...          ...  ...       ...     ...       ...
117      RDKit  Random Forest  Grid Search  ...  0.635191   1.411  2.209798
118      RDKit  Random Forest  Grid Search  ...  0.635191   1.013  1.475241
119      RDKit  Random Forest  Grid Search  ...  0.635191   1.954  1.549252
120      RDKit  Random Forest  Grid Search  ...  0.635191   0.979  1.587092
121      RDKit  Random Forest  Grid Search  ...  0.635191   1.762  2.231801

[122 rows x 7 columns]
compare models has run
