nohup: ignoring input
flashpoint
('RDKit',)
('SVR', 'XGBoost')
Converted file to csv file called: /home/cat/descriptors/datasets_and_SMILES/values_flashpoint_flashpoint.csv
the property I'm extracting is flashpoint
Extracted props saved to: /home/cat/descriptors/datasets_and_SMILES/values_flashpoint_flashpoint_flashpoint.csv
(151, 217)
RDKit descriptors ran correctly
descriptor_function returned: rdkit_descriptors.csv
Current model running: SVR
Loading features from: rdkit_descriptors.csv
It's been split!!
Loading features from: rdkit_descriptors.csv
Best score was using the following parameter set:
>> svr__kernel = rbf
>> svr__gamma = scale
>> svr__epsilon = 0.01
>> svr__C = 1000.0
Root Mean Squared Error: 5.150321917746917
R-squared: 0.7710064096330085
[208 350 211 116 182 298 157 149 153  70 147 199 265 149 116 164 129 173
 156 190]
[198.03917714 321.74113769 211.58492166 207.33471891 223.63527006
 305.61232387 154.18407658 143.77024336 160.14710043 118.66551315
 140.08702992 216.17331877 253.77814745 216.59985568 107.84727876
 167.41591391 149.4730708  169.25300116 153.25256942 186.66782218]
yay, we ran!!
Current model running: XGBoost
Loading features from: rdkit_descriptors.csv
It's been split!!
loading feaure from: rdkit_descriptors.csv
Best score was using the following parameter set:
>> subsample = 0.8
>> random_state = 42
>> n_jobs = 8
>> n_estimators = 500
>> max_depth = 4
>> learning_rate = 0.1
>> colsample_bytree = 0.8
Root Mean Squared Error: 3.6805196092557653
R-squared: 0.9402796626091003
[208 350 211 116 182 298 157 149 153  70 147 199 265 149 116 164 129 173
 156 190]
[203.37788 322.08847 204.00182 136.86298 219.40816 299.58542 151.45009
 147.02559 155.54117  85.58087 140.58624 169.26408 258.52008 176.83945
 120.12357 172.2821  137.88815 170.98863 156.28925 188.74622]
yay, we ran!!
The results as dataframe are:
   Descriptor    Model   Optimization      RMSE        R2  y_true      y_pred
0       RDKit      SVR  Random Search  5.150322  0.771006     208  198.039177
1       RDKit      SVR  Random Search  5.150322  0.771006     350  321.741138
2       RDKit      SVR  Random Search  5.150322  0.771006     211  211.584922
3       RDKit      SVR  Random Search  5.150322  0.771006     116  207.334719
4       RDKit      SVR  Random Search  5.150322  0.771006     182  223.635270
..        ...      ...            ...       ...       ...     ...         ...
57      RDKit  XGBoost  Random Search  3.680520  0.940280     193  186.395691
58      RDKit  XGBoost  Random Search  3.680520  0.940280     150  151.665695
59      RDKit  XGBoost  Random Search  3.680520  0.940280     139  136.613312
60      RDKit  XGBoost  Random Search  3.680520  0.940280     174  188.638962
61      RDKit  XGBoost  Random Search  3.680520  0.940280     179  177.769531

[62 rows x 7 columns]
compare models has run
