nohup: ignoring input
flashpoint
('RDKit',)
('SVR', 'Random Forest')
Converted file to csv file called: /home/cat/descriptors/datasets_and_SMILES/values_flashpoint_flashpoint.csv
the property I'm extracting is flashpoint
Extracted props saved to: /home/cat/descriptors/datasets_and_SMILES/values_flashpoint_flashpoint_flashpoint.csv
(151, 217)
RDKit descriptors ran correctly
descriptor_function returned: rdkit_descriptors.csv
Current model running: SVR
Loading features from: rdkit_descriptors.csv
It's been split!!
Loading features from: rdkit_descriptors.csv
Best score was using the following parameter set:
>> svr__kernel = rbf
>> svr__gamma = 0.001291549665014884
>> svr__epsilon = 0.021544346900318832
>> svr__C = 1000.0
Root Mean Squared Error: 3.8337973636739235
R-squared: 0.9296923724815931
[208 350 211 116 182 298 157 149 153  70 147 199 265 149 116 164 129 173
 156 190]
[205.49991141 334.22147644 203.82472896 160.78526313 215.13997501
 305.90615139 155.24152914 148.50104442 157.74631915  67.49713009
 141.45027497 175.25816339 277.40369033 186.35543201 112.43527945
 172.71875592 145.42437533 171.6929548  153.55168736 195.39720752]
yay, we ran!!
Current model running: Random Forest
Loading features from: rdkit_descriptors.csv
It's been split!!
Random forest ran correctly!!
Best score was using the following parameter set:
>> randomforestregressor__n_estimators = 1000
>> randomforestregressor__min_samples_split = 2
>> randomforestregressor__min_samples_leaf = 1
>> randomforestregressor__max_features = sqrt
>> randomforestregressor__max_depth = 80
Root Mean Squared Error: 4.484155337802129
R-squared: 0.8684143831334935
[208 350 211 116 182 298 157 149 153  70 147 199 265 149 116 164 129 173
 156 190]
[198.16541667 319.381      195.96525    178.59346667 212.5115
 300.917      153.4915     149.11066667 154.25966667  95.449
 137.74141905 155.70763333 238.89866667 180.07533333 127.4914
 165.49833333 137.3734381  164.96066667 157.55466667 192.62985   ]
yay, we ran!!
The results as dataframe are:
   Descriptor          Model   Optimization  ...        R2  y_true      y_pred
0       RDKit            SVR  Random Search  ...  0.929692     208  205.499911
1       RDKit            SVR  Random Search  ...  0.929692     350  334.221476
2       RDKit            SVR  Random Search  ...  0.929692     211  203.824729
3       RDKit            SVR  Random Search  ...  0.929692     116  160.785263
4       RDKit            SVR  Random Search  ...  0.929692     182  215.139975
..        ...            ...            ...  ...       ...     ...         ...
57      RDKit  Random Forest  Random Search  ...  0.868414     193  191.624000
58      RDKit  Random Forest  Random Search  ...  0.868414     150  151.167667
59      RDKit  Random Forest  Random Search  ...  0.868414     139  141.911000
60      RDKit  Random Forest  Random Search  ...  0.868414     174  171.745433
61      RDKit  Random Forest  Random Search  ...  0.868414     179  180.850233

[62 rows x 7 columns]
compare models has run
