Viscosity_as_logVis
('RDKit',)
('XGBoost',)
Converted file to csv file called: /home/cat/descriptors/datasets_and_SMILES/values_Viscosity_as_logVis_Viscosity_as_logVis.csv
the property I'm extracting is Viscosity_as_logVis
Extracted props saved to: /home/cat/descriptors/datasets_and_SMILES/values_Viscosity_as_logVis_Viscosity_as_logVis_Viscosity_as_logVis.csv
(304, 217)
RDKit descriptors ran correctly
descriptor_function returned: rdkit_descriptors.csv
Current model running: XGBoost
Loading features from: rdkit_descriptors.csv
It's been split!!
loading feaure from: rdkit_descriptors.csv
Best score was using the following parameter set:
>> colsample_bytree = 0.7
>> learning_rate = 0.1
>> max_depth = 8
>> n_estimators = 200
>> n_jobs = 8
>> random_state = 42
>> subsample = 0.7
Root Mean Squared Error: 0.629693539365563
R-squared: 0.3695852124937753
[1.571 0.954 1.534 1.779 1.19  1.415 1.459 2.992 1.698 1.114 2.167 2.061
 3.205 1.29  2.99  2.19  1.654 1.576 2.017 2.186]
[1.5502595 1.3442137 1.5502595 1.3442137 1.5656892 1.4699264 1.5120839
 2.292668  1.5656892 1.7537355 1.8299143 1.6563706 2.7383194 1.5502595
 2.6393013 1.4699264 1.4279493 1.5502595 2.2021375 1.5502595]
Traceback (most recent call last):
  File "/home/cat/descriptors/python_scripts/descriptor_models.py", line 567, in <module>
    with open(f'..new_results/{config.property}/pickle_files/BEST_best_model_{config.descriptor}_{config.model}_{config.optimization_algorithm}.pickle', 'wb') as f:
FileNotFoundError: [Errno 2] No such file or directory: "..new_results/Viscosity_as_logVis/pickle_files/BEST_best_model_('RDKit',)_('XGBoost',)_Grid_Search_optimizer.pickle"
