Viscosity_as_logVis
('SMILES',)
('Random_Forest',)
Converted file to csv file called: /home/cat/descriptors/datasets_and_SMILES/values_Viscosity_as_logVis_Viscosity_as_logVis.csv
the property I'm extracting is Viscosity_as_logVis
Extracted props saved to: /home/cat/descriptors/datasets_and_SMILES/values_Viscosity_as_logVis_Viscosity_as_logVis_Viscosity_as_logVis.csv
flattened one hot matrices all saved without SMILES lables and seperators added.
descriptor_function returned: SMILES_matrices.csv
Current model running: Random_Forest
Loading features from: SMILES_matrices.csv
It's been split!!
Random forest ran correctly!!
Best score was using the following parameter set:
>> randomforestregressor__max_depth = 20
>> randomforestregressor__max_features = sqrt
>> randomforestregressor__min_samples_leaf = 1
>> randomforestregressor__min_samples_split = 2
>> randomforestregressor__n_estimators = 500
Root Mean Squared Error: 0.6516401163105743
R-squared: 0.27699601345977976
[1.571 0.954 1.534 1.779 1.19  1.415 1.459 2.992 1.698 1.114 2.167 2.061
 3.205 1.29  2.99  2.19  1.654 1.576 2.017 2.186]
[1.54964354 1.36071133 1.54964354 1.36071133 1.58741981 1.47552288
 1.65052244 2.24068944 1.58741981 1.74108725 1.83329783 1.64975668
 2.44252424 1.54964354 1.77781055 1.47552288 1.43233599 1.54964354
 2.21485687 1.54964354]
The results as dataframe are:
   Descriptor          Model           Optimization  ...       R2  y_true    y_pred
0      SMILES  Random_Forest  Grid_Search_optimizer  ...  0.65164   1.571  1.549644
1      SMILES  Random_Forest  Grid_Search_optimizer  ...  0.65164   0.954  1.360711
2      SMILES  Random_Forest  Grid_Search_optimizer  ...  0.65164   1.534  1.549644
3      SMILES  Random_Forest  Grid_Search_optimizer  ...  0.65164   1.779  1.360711
4      SMILES  Random_Forest  Grid_Search_optimizer  ...  0.65164   1.190  1.587420
..        ...            ...                    ...  ...      ...     ...       ...
56     SMILES  Random_Forest  Grid_Search_optimizer  ...  0.65164   1.411  2.214857
57     SMILES  Random_Forest  Grid_Search_optimizer  ...  0.65164   1.013  1.475523
58     SMILES  Random_Forest  Grid_Search_optimizer  ...  0.65164   1.954  1.549644
59     SMILES  Random_Forest  Grid_Search_optimizer  ...  0.65164   0.979  1.587420
60     SMILES  Random_Forest  Grid_Search_optimizer  ...  0.65164   1.762  2.240689

[61 rows x 7 columns]
results saved as parquet to ../new_results/Viscosity_as_logVis/parquet_files/G_r_i_d___S_e_a_r_c_h___o_p_t_i_m_i_z_e_rRandom_Forest_SMILES.parquet
