Viscosity_as_logVis
('RDKit',)
('SVR',)
Converted file to csv file called: /home/cat/descriptors/datasets_and_SMILES/values_Viscosity_as_logVis_Viscosity_as_logVis.csv
the property I'm extracting is Viscosity_as_logVis
Extracted props saved to: /home/cat/descriptors/datasets_and_SMILES/values_Viscosity_as_logVis_Viscosity_as_logVis_Viscosity_as_logVis.csv
(304, 217)
RDKit descriptors ran correctly
descriptor_function returned: rdkit_descriptors.csv
Current model running: SVR
Loading features from: rdkit_descriptors.csv
It's been split!!
Loading features from: rdkit_descriptors.csv
Best score was using the following parameter set:
>> svr__kernel = rbf
>> svr__gamma = 0.00035938136638046257
>> svr__epsilon = 0.21544346900318823
>> svr__C = 4.281332398719392
Root Mean Squared Error: 0.611220131899192
R-squared: 0.4403712173543105
[1.571 0.954 1.534 1.779 1.19  1.415 1.459 2.992 1.698 1.114 2.167 2.061
 3.205 1.29  2.99  2.19  1.654 1.576 2.017 2.186]
[1.5690952  1.32473092 1.5690952  1.32473092 1.52092027 1.49437778
 1.65567936 2.13088616 1.52092027 1.72612031 2.00864094 1.71172251
 2.83969662 1.5690952  2.68124766 1.49437778 1.57882134 1.5690952
 2.04537819 1.5690952 ]
yay, we ran!!
Traceback (most recent call last):
  File "/home/cat/descriptors/python_scripts/descriptor_models.py", line 567, in <module>
    with open(f'..new_results/{config.property}/pickle_files/BEST_best_model_{config.descriptor}_{config.model}_{config.optimization_algorithm}.pickle', 'wb') as f:
FileNotFoundError: [Errno 2] No such file or directory: "..new_results/Viscosity_as_logVis/pickle_files/BEST_best_model_('RDKit',)_('SVR',)_Random_Search_optimizer.pickle"
