Viscosity_as_logVis
('RDKit',)
('SVR',)
Converted file to csv file called: /home/cat/descriptors/datasets_and_SMILES/values_Viscosity_as_logVis_Viscosity_as_logVis.csv
the property I'm extracting is Viscosity_as_logVis
Extracted props saved to: /home/cat/descriptors/datasets_and_SMILES/values_Viscosity_as_logVis_Viscosity_as_logVis_Viscosity_as_logVis.csv
(304, 217)
RDKit descriptors ran correctly
descriptor_function returned: rdkit_descriptors.csv
Current model running: SVR
Loading features from: rdkit_descriptors.csv
It's been split!!
Loading features from: rdkit_descriptors.csv
Best score was using the following parameter set:
>> svr__kernel = rbf
>> svr__gamma = 0.004641588833612782
>> svr__epsilon = 0.21544346900318823
>> svr__C = 1.2742749857031335
Root Mean Squared Error: 0.3964674429331151
R-squared: 0.3697330975355557
[1.571 0.954 1.534 1.779 1.19  1.415 1.459 2.992 1.698 1.114 2.167 2.061
 3.205 1.29  2.99  2.19  1.654 1.576 2.017 2.186]
[1.46822041 1.37154915 1.46822041 1.37154915 1.53734298 1.49454105
 1.55950263 2.22743599 1.53734298 1.73863343 1.9273873  1.63691988
 2.47551627 1.46822041 2.55318165 1.49454105 1.49069449 1.46822041
 2.11119246 1.46822041]
yay, we ran!!
PICKLE SAVED
