Viscosity_as_logVis
('SMILES',)
('Random_Forest', 'SVR')
Converted file to csv file called: /home/cat/descriptors/datasets_and_SMILES/values_Viscosity_as_logVis_Viscosity_as_logVis.csv
the property I'm extracting is Viscosity_as_logVis
Extracted props saved to: /home/cat/descriptors/datasets_and_SMILES/values_Viscosity_as_logVis_Viscosity_as_logVis_Viscosity_as_logVis.csv
flattened one hot matrices all saved without SMILES lables and seperators added.
descriptor_function returned: SMILES_matrices.csv
Current model running: Random_Forest
Loading features from: SMILES_matrices.csv
It's been split!!
Random forest ran correctly!!
Best score was using the following parameter set:
>> randomforestregressor__max_depth = 20
>> randomforestregressor__max_features = sqrt
>> randomforestregressor__min_samples_leaf = 1
>> randomforestregressor__min_samples_split = 2
>> randomforestregressor__n_estimators = 500
Root Mean Squared Error: 0.6516401163105743
R-squared: 0.27699601345977976
[1.571 0.954 1.534 1.779 1.19  1.415 1.459 2.992 1.698 1.114 2.167 2.061
 3.205 1.29  2.99  2.19  1.654 1.576 2.017 2.186]
[1.54964354 1.36071133 1.54964354 1.36071133 1.58741981 1.47552288
 1.65052244 2.24068944 1.58741981 1.74108725 1.83329783 1.64975668
 2.44252424 1.54964354 1.77781055 1.47552288 1.43233599 1.54964354
 2.21485687 1.54964354]
Current model running: SVR
Loading features from: SMILES_matrices.csv
It's been split!!
Loading features from: SMILES_matrices.csv
Best score was using the following parameter set:
>> svr__C = 0.37926901907322497
>> svr__epsilon = 0.21544346900318823
>> svr__gamma = scale
>> svr__kernel = rbf
Root Mean Squared Error: 0.6608506042075661
R-squared: 0.23524450278955455
[1.571 0.954 1.534 1.779 1.19  1.415 1.459 2.992 1.698 1.114 2.167 2.061
 3.205 1.29  2.99  2.19  1.654 1.576 2.017 2.186]
[1.4685673  1.37147011 1.4685673  1.37147011 1.58752288 1.50868035
 1.72852847 2.12080171 1.58752288 1.73860776 1.78041555 1.63913045
 2.1239346  1.4685673  1.83945564 1.50868035 1.4445369  1.4685673
 2.11132485 1.4685673 ]
The results as dataframe are:
    Descriptor          Model Optimization  ...        R2  y_true    y_pred
0       SMILES  Random_Forest  Grid Search  ...  0.651640   1.571  1.549644
1       SMILES  Random_Forest  Grid Search  ...  0.651640   0.954  1.360711
2       SMILES  Random_Forest  Grid Search  ...  0.651640   1.534  1.549644
3       SMILES  Random_Forest  Grid Search  ...  0.651640   1.779  1.360711
4       SMILES  Random_Forest  Grid Search  ...  0.651640   1.190  1.587420
..         ...            ...          ...  ...       ...     ...       ...
117     SMILES            SVR  Grid Search  ...  0.660851   1.411  2.111325
118     SMILES            SVR  Grid Search  ...  0.660851   1.013  1.508680
119     SMILES            SVR  Grid Search  ...  0.660851   1.954  1.468567
120     SMILES            SVR  Grid Search  ...  0.660851   0.979  1.587523
121     SMILES            SVR  Grid Search  ...  0.660851   1.762  2.120802

[122 rows x 7 columns]
Traceback (most recent call last):
  File "/home/cat/descriptors/python_scripts/descriptor_models.py", line 579, in <module>
    filename = "_".join(str, config.optimization_algorithm) + "_".join(map(str, config.model)) + "_" + "_".join(map(str, config.descriptor))
TypeError: str.join() takes exactly one argument (2 given)
