Viscosity_as_logVis
('RDKit',)
('Lasso',)
Converted file to csv file called: /home/cat/descriptors/datasets_and_SMILES/values_Viscosity_as_logVis_Viscosity_as_logVis.csv
the property I'm extracting is Viscosity_as_logVis
Extracted props saved to: /home/cat/descriptors/datasets_and_SMILES/values_Viscosity_as_logVis_Viscosity_as_logVis_Viscosity_as_logVis.csv
(304, 217)
RDKit descriptors ran correctly
descriptor_function returned: rdkit_descriptors.csv
Current model running: Lasso
Loading features from: rdkit_descriptors.csv
It's been split!!
loading feature from: rdkit_descriptors.csv
/home/cat/.local/lib/python3.10/site-packages/sklearn/linear_model/_coordinate_descent.py:695: ConvergenceWarning: Objective did not converge. You might want to increase the number of iterations, check the scale of the features or consider increasing regularisation. Duality gap: 1.925e+00, tolerance: 5.164e-03
  model = cd_fast.enet_coordinate_descent(
/home/cat/.local/lib/python3.10/site-packages/sklearn/linear_model/_coordinate_descent.py:695: ConvergenceWarning: Objective did not converge. You might want to increase the number of iterations, check the scale of the features or consider increasing regularisation. Duality gap: 2.634e+00, tolerance: 5.370e-03
  model = cd_fast.enet_coordinate_descent(
/home/cat/.local/lib/python3.10/site-packages/sklearn/linear_model/_coordinate_descent.py:695: ConvergenceWarning: Objective did not converge. You might want to increase the number of iterations, check the scale of the features or consider increasing regularisation. Duality gap: 1.881e+00, tolerance: 5.170e-03
  model = cd_fast.enet_coordinate_descent(
/home/cat/.local/lib/python3.10/site-packages/sklearn/linear_model/_coordinate_descent.py:695: ConvergenceWarning: Objective did not converge. You might want to increase the number of iterations, check the scale of the features or consider increasing regularisation. Duality gap: 5.550e+00, tolerance: 5.670e-03
  model = cd_fast.enet_coordinate_descent(
/home/cat/.local/lib/python3.10/site-packages/sklearn/linear_model/_coordinate_descent.py:695: ConvergenceWarning: Objective did not converge. You might want to increase the number of iterations, check the scale of the features or consider increasing regularisation. Duality gap: 6.331e+00, tolerance: 5.154e-03
  model = cd_fast.enet_coordinate_descent(
/home/cat/.local/lib/python3.10/site-packages/sklearn/linear_model/_coordinate_descent.py:695: ConvergenceWarning: Objective did not converge. You might want to increase the number of iterations, check the scale of the features or consider increasing regularisation. Duality gap: 1.800e+00, tolerance: 5.164e-03
  model = cd_fast.enet_coordinate_descent(
/home/cat/.local/lib/python3.10/site-packages/sklearn/linear_model/_coordinate_descent.py:695: ConvergenceWarning: Objective did not converge. You might want to increase the number of iterations, check the scale of the features or consider increasing regularisation. Duality gap: 2.446e+00, tolerance: 5.370e-03
  model = cd_fast.enet_coordinate_descent(
/home/cat/.local/lib/python3.10/site-packages/sklearn/linear_model/_coordinate_descent.py:695: ConvergenceWarning: Objective did not converge. You might want to increase the number of iterations, check the scale of the features or consider increasing regularisation. Duality gap: 1.925e+00, tolerance: 5.170e-03
  model = cd_fast.enet_coordinate_descent(
/home/cat/.local/lib/python3.10/site-packages/sklearn/linear_model/_coordinate_descent.py:695: ConvergenceWarning: Objective did not converge. You might want to increase the number of iterations, check the scale of the features or consider increasing regularisation. Duality gap: 4.224e+00, tolerance: 5.154e-03
  model = cd_fast.enet_coordinate_descent(
/home/cat/.local/lib/python3.10/site-packages/sklearn/linear_model/_coordinate_descent.py:695: ConvergenceWarning: Objective did not converge. You might want to increase the number of iterations, check the scale of the features or consider increasing regularisation. Duality gap: 4.000e+00, tolerance: 5.670e-03
  model = cd_fast.enet_coordinate_descent(
/home/cat/.local/lib/python3.10/site-packages/sklearn/linear_model/_coordinate_descent.py:695: ConvergenceWarning: Objective did not converge. You might want to increase the number of iterations, check the scale of the features or consider increasing regularisation. Duality gap: 1.294e+00, tolerance: 5.164e-03
  model = cd_fast.enet_coordinate_descent(
/home/cat/.local/lib/python3.10/site-packages/sklearn/linear_model/_coordinate_descent.py:695: ConvergenceWarning: Objective did not converge. You might want to increase the number of iterations, check the scale of the features or consider increasing regularisation. Duality gap: 1.153e+00, tolerance: 5.370e-03
  model = cd_fast.enet_coordinate_descent(
/home/cat/.local/lib/python3.10/site-packages/sklearn/linear_model/_coordinate_descent.py:695: ConvergenceWarning: Objective did not converge. You might want to increase the number of iterations, check the scale of the features or consider increasing regularisation. Duality gap: 4.740e-01, tolerance: 5.170e-03
  model = cd_fast.enet_coordinate_descent(
/home/cat/.local/lib/python3.10/site-packages/sklearn/linear_model/_coordinate_descent.py:695: ConvergenceWarning: Objective did not converge. You might want to increase the number of iterations, check the scale of the features or consider increasing regularisation. Duality gap: 1.819e+00, tolerance: 5.670e-03
  model = cd_fast.enet_coordinate_descent(
/home/cat/.local/lib/python3.10/site-packages/sklearn/linear_model/_coordinate_descent.py:695: ConvergenceWarning: Objective did not converge. You might want to increase the number of iterations, check the scale of the features or consider increasing regularisation. Duality gap: 1.533e+00, tolerance: 5.154e-03
  model = cd_fast.enet_coordinate_descent(
/home/cat/.local/lib/python3.10/site-packages/sklearn/linear_model/_coordinate_descent.py:695: ConvergenceWarning: Objective did not converge. You might want to increase the number of iterations, check the scale of the features or consider increasing regularisation. Duality gap: 5.348e-01, tolerance: 5.164e-03
  model = cd_fast.enet_coordinate_descent(
/home/cat/.local/lib/python3.10/site-packages/sklearn/linear_model/_coordinate_descent.py:695: ConvergenceWarning: Objective did not converge. You might want to increase the number of iterations, check the scale of the features or consider increasing regularisation. Duality gap: 1.922e-01, tolerance: 5.370e-03
  model = cd_fast.enet_coordinate_descent(
/home/cat/.local/lib/python3.10/site-packages/sklearn/linear_model/_coordinate_descent.py:695: ConvergenceWarning: Objective did not converge. You might want to increase the number of iterations, check the scale of the features or consider increasing regularisation. Duality gap: 1.161e+00, tolerance: 5.170e-03
  model = cd_fast.enet_coordinate_descent(
/home/cat/.local/lib/python3.10/site-packages/sklearn/linear_model/_coordinate_descent.py:695: ConvergenceWarning: Objective did not converge. You might want to increase the number of iterations, check the scale of the features or consider increasing regularisation. Duality gap: 1.966e+00, tolerance: 5.670e-03
  model = cd_fast.enet_coordinate_descent(
/home/cat/.local/lib/python3.10/site-packages/sklearn/linear_model/_coordinate_descent.py:695: ConvergenceWarning: Objective did not converge. You might want to increase the number of iterations, check the scale of the features or consider increasing regularisation. Duality gap: 7.244e-01, tolerance: 5.154e-03
  model = cd_fast.enet_coordinate_descent(
/home/cat/.local/lib/python3.10/site-packages/sklearn/linear_model/_coordinate_descent.py:695: ConvergenceWarning: Objective did not converge. You might want to increase the number of iterations, check the scale of the features or consider increasing regularisation. Duality gap: 7.707e-02, tolerance: 5.164e-03
  model = cd_fast.enet_coordinate_descent(
/home/cat/.local/lib/python3.10/site-packages/sklearn/linear_model/_coordinate_descent.py:695: ConvergenceWarning: Objective did not converge. You might want to increase the number of iterations, check the scale of the features or consider increasing regularisation. Duality gap: 7.858e-03, tolerance: 5.370e-03
  model = cd_fast.enet_coordinate_descent(
/home/cat/.local/lib/python3.10/site-packages/sklearn/linear_model/_coordinate_descent.py:695: ConvergenceWarning: Objective did not converge. You might want to increase the number of iterations, check the scale of the features or consider increasing regularisation. Duality gap: 9.959e-02, tolerance: 5.170e-03
  model = cd_fast.enet_coordinate_descent(
/home/cat/.local/lib/python3.10/site-packages/sklearn/linear_model/_coordinate_descent.py:695: ConvergenceWarning: Objective did not converge. You might want to increase the number of iterations, check the scale of the features or consider increasing regularisation. Duality gap: 2.651e-01, tolerance: 5.670e-03
  model = cd_fast.enet_coordinate_descent(
/home/cat/.local/lib/python3.10/site-packages/sklearn/linear_model/_coordinate_descent.py:695: ConvergenceWarning: Objective did not converge. You might want to increase the number of iterations, check the scale of the features or consider increasing regularisation. Duality gap: 5.130e-02, tolerance: 5.154e-03
  model = cd_fast.enet_coordinate_descent(
/home/cat/.local/lib/python3.10/site-packages/sklearn/linear_model/_coordinate_descent.py:695: ConvergenceWarning: Objective did not converge. You might want to increase the number of iterations, check the scale of the features or consider increasing regularisation. Duality gap: 4.190e-02, tolerance: 5.370e-03
  model = cd_fast.enet_coordinate_descent(
/home/cat/.local/lib/python3.10/site-packages/sklearn/linear_model/_coordinate_descent.py:695: ConvergenceWarning: Objective did not converge. You might want to increase the number of iterations, check the scale of the features or consider increasing regularisation. Duality gap: 7.425e-02, tolerance: 5.670e-03
  model = cd_fast.enet_coordinate_descent(
/home/cat/.local/lib/python3.10/site-packages/sklearn/linear_model/_coordinate_descent.py:695: ConvergenceWarning: Objective did not converge. You might want to increase the number of iterations, check the scale of the features or consider increasing regularisation. Duality gap: 2.603e-02, tolerance: 5.164e-03
  model = cd_fast.enet_coordinate_descent(
/home/cat/.local/lib/python3.10/site-packages/sklearn/linear_model/_coordinate_descent.py:695: ConvergenceWarning: Objective did not converge. You might want to increase the number of iterations, check the scale of the features or consider increasing regularisation. Duality gap: 1.070e-01, tolerance: 5.164e-03
  model = cd_fast.enet_coordinate_descent(
/home/cat/.local/lib/python3.10/site-packages/sklearn/linear_model/_coordinate_descent.py:695: ConvergenceWarning: Objective did not converge. You might want to increase the number of iterations, check the scale of the features or consider increasing regularisation. Duality gap: 7.027e-03, tolerance: 5.154e-03
  model = cd_fast.enet_coordinate_descent(
/home/cat/.local/lib/python3.10/site-packages/sklearn/linear_model/_coordinate_descent.py:695: ConvergenceWarning: Objective did not converge. You might want to increase the number of iterations, check the scale of the features or consider increasing regularisation. Duality gap: 8.552e-03, tolerance: 5.170e-03
  model = cd_fast.enet_coordinate_descent(
/home/cat/.local/lib/python3.10/site-packages/sklearn/linear_model/_coordinate_descent.py:695: ConvergenceWarning: Objective did not converge. You might want to increase the number of iterations, check the scale of the features or consider increasing regularisation. Duality gap: 6.089e-02, tolerance: 5.670e-03
  model = cd_fast.enet_coordinate_descent(
/home/cat/.local/lib/python3.10/site-packages/sklearn/linear_model/_coordinate_descent.py:695: ConvergenceWarning: Objective did not converge. You might want to increase the number of iterations, check the scale of the features or consider increasing regularisation. Duality gap: 3.599e-02, tolerance: 5.670e-03
  model = cd_fast.enet_coordinate_descent(
/home/cat/.local/lib/python3.10/site-packages/sklearn/linear_model/_coordinate_descent.py:695: ConvergenceWarning: Objective did not converge. You might want to increase the number of iterations, check the scale of the features or consider increasing regularisation. Duality gap: 2.002e-02, tolerance: 5.164e-03
  model = cd_fast.enet_coordinate_descent(
/home/cat/.local/lib/python3.10/site-packages/sklearn/linear_model/_coordinate_descent.py:695: ConvergenceWarning: Objective did not converge. You might want to increase the number of iterations, check the scale of the features or consider increasing regularisation. Duality gap: 9.777e-03, tolerance: 5.164e-03
  model = cd_fast.enet_coordinate_descent(
/home/cat/.local/lib/python3.10/site-packages/sklearn/linear_model/_coordinate_descent.py:695: ConvergenceWarning: Objective did not converge. You might want to increase the number of iterations, check the scale of the features or consider increasing regularisation. Duality gap: 1.686e-02, tolerance: 5.670e-03
  model = cd_fast.enet_coordinate_descent(
Best score was using the following parameter set:
>> lasso__alpha = 0.005179474679231213
Root Mean Squared Error: 0.6146999495063581
R-squared: 0.4275175841064587
[1.571 0.954 1.534 1.779 1.19  1.415 1.459 2.992 1.698 1.114 2.167 2.061
 3.205 1.29  2.99  2.19  1.654 1.576 2.017 2.186]
[1.53945705 1.36349655 1.53945705 1.36349655 1.59976987 1.49892302
 1.63356572 2.23536979 1.59976987 1.72054236 1.94194779 1.70398351
 3.24667924 1.53945705 2.81809329 1.49892302 1.48907124 1.53945705
 2.16113392 1.53945705]
yay, we ran!!
The results as dataframe are:
   Descriptor  Model             Optimization  ...        R2  y_true    y_pred
0       RDKit  Lasso  Random_Search_optimizer  ...  0.427518   1.571  1.539457
1       RDKit  Lasso  Random_Search_optimizer  ...  0.427518   0.954  1.363497
2       RDKit  Lasso  Random_Search_optimizer  ...  0.427518   1.534  1.539457
3       RDKit  Lasso  Random_Search_optimizer  ...  0.427518   1.779  1.363497
4       RDKit  Lasso  Random_Search_optimizer  ...  0.427518   1.190  1.599770
..        ...    ...                      ...  ...       ...     ...       ...
56      RDKit  Lasso  Random_Search_optimizer  ...  0.427518   1.411  2.161134
57      RDKit  Lasso  Random_Search_optimizer  ...  0.427518   1.013  1.498923
58      RDKit  Lasso  Random_Search_optimizer  ...  0.427518   1.954  1.539457
59      RDKit  Lasso  Random_Search_optimizer  ...  0.427518   0.979  1.599770
60      RDKit  Lasso  Random_Search_optimizer  ...  0.427518   1.762  2.235370

[61 rows x 7 columns]
results saved as parquet to ../new_results/Viscosity_as_logVis/parquet_files/R_a_n_d_o_m___S_e_a_r_c_h___o_p_t_i_m_i_z_e_rLasso_RDKit.parquet
