Viscosity_as_logVis
('RDKit',)
('Random_Forest',)
Converted file to csv file called: /home/cat/descriptors/datasets_and_SMILES/values_Viscosity_as_logVis_Viscosity_as_logVis.csv
the property I'm extracting is Viscosity_as_logVis
Extracted props saved to: /home/cat/descriptors/datasets_and_SMILES/values_Viscosity_as_logVis_Viscosity_as_logVis_Viscosity_as_logVis.csv
(304, 217)
RDKit descriptors ran correctly
descriptor_function returned: rdkit_descriptors.csv
Current model running: Random_Forest
Loading features from: rdkit_descriptors.csv
It's been split!!
Random forest ran correctly!!
Best score was using the following parameter set:
>> randomforestregressor__max_depth = 20
>> randomforestregressor__max_features = log2
>> randomforestregressor__min_samples_leaf = 1
>> randomforestregressor__min_samples_split = 5
>> randomforestregressor__n_estimators = 1500
Root Mean Squared Error: 0.4034672419516535
R-squared: 0.3472813815153324
Train R2: 0.3898838974436162
best alpha: {'randomforestregressor__max_depth': 20, 'randomforestregressor__max_features': 'log2', 'randomforestregressor__min_samples_leaf': 1, 'randomforestregressor__min_samples_split': 5, 'randomforestregressor__n_estimators': 1500}
[1.571 0.954 1.534 1.779 1.19  1.415 1.459 2.992 1.698 1.114 2.167 2.061
 3.205 1.29  2.99  2.19  1.654 1.576 2.017 2.186]
[1.54925164 1.35818751 1.54925164 1.35818751 1.58709174 1.47524086
 1.5586158  2.23180143 1.58709174 1.73742928 1.83718832 1.64899907
 2.30929521 1.54925164 2.50606245 1.47524086 1.43284344 1.54925164
 2.20979808 1.54925164]
PICKLE SAVED
