Viscosity_as_logVis
('RDKit',)
('XGBoost',)
Converted file to csv file called: /home/cat/descriptors/datasets_and_SMILES/values_Viscosity_as_logVis_Viscosity_as_logVis.csv
the property I'm extracting is Viscosity_as_logVis
Extracted props saved to: /home/cat/descriptors/datasets_and_SMILES/values_Viscosity_as_logVis_Viscosity_as_logVis_Viscosity_as_logVis.csv
(304, 217)
RDKit descriptors ran correctly
descriptor_function returned: rdkit_descriptors.csv
Current model running: XGBoost
Loading features from: rdkit_descriptors.csv
It's been split!!
loading feaure from: rdkit_descriptors.csv
Best score was using the following parameter set:
>> subsample = 0.6
>> reg_lambda = 1
>> reg_alpha = 0
>> random_state = 42
>> n_jobs = 8
>> n_estimators = 200
>> min_child_weight = 10
>> max_depth = 4
>> learning_rate = 0.05
>> gamma = 0.5
>> colsample_bytree = 0.7
Root Mean Squared Error: 0.40002941815962084
R-squared: 0.3583572331758369
[1.571 0.954 1.534 1.779 1.19  1.415 1.459 2.992 1.698 1.114 2.167 2.061
 3.205 1.29  2.99  2.19  1.654 1.576 2.017 2.186]
[1.5633116 1.3532913 1.5633116 1.3532913 1.58285   1.5229568 1.5484109
 2.2978735 1.58285   1.6997745 1.869108  1.6769924 2.3985193 1.5633116
 2.3885872 1.5229568 1.5117912 1.5633116 2.2036803 1.5633116]
yay, we ran!!
PICKLE SAVED
