Viscosity_as_logVis
('SMILES',)
('XGBoost',)
Converted file to csv file called: /home/cat/descriptors/datasets_and_SMILES/values_Viscosity_as_logVis_Viscosity_as_logVis.csv
the property I'm extracting is Viscosity_as_logVis
Extracted props saved to: /home/cat/descriptors/datasets_and_SMILES/values_Viscosity_as_logVis_Viscosity_as_logVis_Viscosity_as_logVis.csv
flattened one hot matrices all saved without SMILES lables and seperators added.
descriptor_function returned: SMILES_matrices.csv
Current model running: XGBoost
Loading features from: SMILES_matrices.csv
It's been split!!
loading feaure from: SMILES_matrices.csv
Best score was using the following parameter set:
>> subsample = 0.7
>> reg_lambda = 5
>> reg_alpha = 1
>> random_state = 42
>> n_jobs = 8
>> n_estimators = 400
>> min_child_weight = 1
>> max_depth = 4
>> learning_rate = 0.05
>> gamma = 0
>> colsample_bytree = 0.7
Root Mean Squared Error: 0.42235877919826065
R-squared: 0.284725909740962
[1.571 0.954 1.534 1.779 1.19  1.415 1.459 2.992 1.698 1.114 2.167 2.061
 3.205 1.29  2.99  2.19  1.654 1.576 2.017 2.186]
[1.5637025 1.3637784 1.5637025 1.3637784 1.5864849 1.4854454 1.7081063
 2.2363696 1.5864849 1.7332494 1.8469639 1.6420709 2.4143145 1.5637025
 1.8736922 1.4854454 1.4305553 1.5637025 2.2192202 1.5637025]
yay, we ran!!
PICKLE SAVED
