Viscosity_as_logVis
('SMILES',)
('Lasso', 'Random_Forest')
Converted file to csv file called: /home/cat/descriptors/datasets_and_SMILES/values_Viscosity_as_logVis_Viscosity_as_logVis.csv
the property I'm extracting is Viscosity_as_logVis
Extracted props saved to: /home/cat/descriptors/datasets_and_SMILES/values_Viscosity_as_logVis_Viscosity_as_logVis_Viscosity_as_logVis.csv
flattened one hot matrices all saved without SMILES lables and seperators added.
descriptor_function returned: SMILES_matrices.csv
Current model running: Lasso
Loading features from: SMILES_matrices.csv
It's been split!!
loading feature from: SMILES_matrices.csv
/home/cat/.local/lib/python3.10/site-packages/sklearn/linear_model/_coordinate_descent.py:695: ConvergenceWarning: Objective did not converge. You might want to increase the number of iterations, check the scale of the features or consider increasing regularisation. Duality gap: 8.405e-02, tolerance: 5.164e-03
  model = cd_fast.enet_coordinate_descent(
/home/cat/.local/lib/python3.10/site-packages/sklearn/linear_model/_coordinate_descent.py:695: ConvergenceWarning: Objective did not converge. You might want to increase the number of iterations, check the scale of the features or consider increasing regularisation. Duality gap: 1.642e-01, tolerance: 5.170e-03
  model = cd_fast.enet_coordinate_descent(
/home/cat/.local/lib/python3.10/site-packages/sklearn/linear_model/_coordinate_descent.py:695: ConvergenceWarning: Objective did not converge. You might want to increase the number of iterations, check the scale of the features or consider increasing regularisation. Duality gap: 5.957e-02, tolerance: 5.670e-03
  model = cd_fast.enet_coordinate_descent(
/home/cat/.local/lib/python3.10/site-packages/sklearn/linear_model/_coordinate_descent.py:695: ConvergenceWarning: Objective did not converge. You might want to increase the number of iterations, check the scale of the features or consider increasing regularisation. Duality gap: 4.557e-02, tolerance: 5.164e-03
  model = cd_fast.enet_coordinate_descent(
/home/cat/.local/lib/python3.10/site-packages/sklearn/linear_model/_coordinate_descent.py:695: ConvergenceWarning: Objective did not converge. You might want to increase the number of iterations, check the scale of the features or consider increasing regularisation. Duality gap: 1.072e-01, tolerance: 5.154e-03
  model = cd_fast.enet_coordinate_descent(
/home/cat/.local/lib/python3.10/site-packages/sklearn/linear_model/_coordinate_descent.py:695: ConvergenceWarning: Objective did not converge. You might want to increase the number of iterations, check the scale of the features or consider increasing regularisation. Duality gap: 1.192e-02, tolerance: 5.370e-03
  model = cd_fast.enet_coordinate_descent(
/home/cat/.local/lib/python3.10/site-packages/sklearn/linear_model/_coordinate_descent.py:695: ConvergenceWarning: Objective did not converge. You might want to increase the number of iterations, check the scale of the features or consider increasing regularisation. Duality gap: 1.648e-01, tolerance: 5.170e-03
  model = cd_fast.enet_coordinate_descent(
/home/cat/.local/lib/python3.10/site-packages/sklearn/linear_model/_coordinate_descent.py:695: ConvergenceWarning: Objective did not converge. You might want to increase the number of iterations, check the scale of the features or consider increasing regularisation. Duality gap: 1.298e-01, tolerance: 5.670e-03
  model = cd_fast.enet_coordinate_descent(
/home/cat/.local/lib/python3.10/site-packages/sklearn/linear_model/_coordinate_descent.py:695: ConvergenceWarning: Objective did not converge. You might want to increase the number of iterations, check the scale of the features or consider increasing regularisation. Duality gap: 9.446e-03, tolerance: 5.154e-03
  model = cd_fast.enet_coordinate_descent(
/home/cat/.local/lib/python3.10/site-packages/sklearn/linear_model/_coordinate_descent.py:695: ConvergenceWarning: Objective did not converge. You might want to increase the number of iterations, check the scale of the features or consider increasing regularisation. Duality gap: 4.606e-02, tolerance: 5.164e-03
  model = cd_fast.enet_coordinate_descent(
/home/cat/.local/lib/python3.10/site-packages/sklearn/linear_model/_coordinate_descent.py:695: ConvergenceWarning: Objective did not converge. You might want to increase the number of iterations, check the scale of the features or consider increasing regularisation. Duality gap: 3.109e-01, tolerance: 5.170e-03
  model = cd_fast.enet_coordinate_descent(
/home/cat/.local/lib/python3.10/site-packages/sklearn/linear_model/_coordinate_descent.py:695: ConvergenceWarning: Objective did not converge. You might want to increase the number of iterations, check the scale of the features or consider increasing regularisation. Duality gap: 4.875e-02, tolerance: 5.154e-03
  model = cd_fast.enet_coordinate_descent(
/home/cat/.local/lib/python3.10/site-packages/sklearn/linear_model/_coordinate_descent.py:695: ConvergenceWarning: Objective did not converge. You might want to increase the number of iterations, check the scale of the features or consider increasing regularisation. Duality gap: 6.699e-03, tolerance: 5.670e-03
  model = cd_fast.enet_coordinate_descent(
/home/cat/.local/lib/python3.10/site-packages/sklearn/linear_model/_coordinate_descent.py:695: ConvergenceWarning: Objective did not converge. You might want to increase the number of iterations, check the scale of the features or consider increasing regularisation. Duality gap: 1.192e-01, tolerance: 5.370e-03
  model = cd_fast.enet_coordinate_descent(
/home/cat/.local/lib/python3.10/site-packages/sklearn/linear_model/_coordinate_descent.py:695: ConvergenceWarning: Objective did not converge. You might want to increase the number of iterations, check the scale of the features or consider increasing regularisation. Duality gap: 5.010e-02, tolerance: 5.154e-03
  model = cd_fast.enet_coordinate_descent(
/home/cat/.local/lib/python3.10/site-packages/sklearn/linear_model/_coordinate_descent.py:695: ConvergenceWarning: Objective did not converge. You might want to increase the number of iterations, check the scale of the features or consider increasing regularisation. Duality gap: 7.027e-03, tolerance: 5.670e-03
  model = cd_fast.enet_coordinate_descent(
/home/cat/.local/lib/python3.10/site-packages/sklearn/linear_model/_coordinate_descent.py:695: ConvergenceWarning: Objective did not converge. You might want to increase the number of iterations, check the scale of the features or consider increasing regularisation. Duality gap: 1.180e-02, tolerance: 5.370e-03
  model = cd_fast.enet_coordinate_descent(
/home/cat/.local/lib/python3.10/site-packages/sklearn/linear_model/_coordinate_descent.py:695: ConvergenceWarning: Objective did not converge. You might want to increase the number of iterations, check the scale of the features or consider increasing regularisation. Duality gap: 6.023e-03, tolerance: 5.154e-03
  model = cd_fast.enet_coordinate_descent(
/home/cat/.local/lib/python3.10/site-packages/sklearn/linear_model/_coordinate_descent.py:695: ConvergenceWarning: Objective did not converge. You might want to increase the number of iterations, check the scale of the features or consider increasing regularisation. Duality gap: 6.336e-03, tolerance: 5.154e-03
  model = cd_fast.enet_coordinate_descent(
/home/cat/.local/lib/python3.10/site-packages/sklearn/linear_model/_coordinate_descent.py:695: ConvergenceWarning: Objective did not converge. You might want to increase the number of iterations, check the scale of the features or consider increasing regularisation. Duality gap: 8.548e-03, tolerance: 5.154e-03
  model = cd_fast.enet_coordinate_descent(
Best score was using the following parameter set:
>> lasso__alpha = 0.005179474679231213
Root Mean Squared Error: 0.6443975346137999
R-squared: 0.3086070885251603
[1.571 0.954 1.534 1.779 1.19  1.415 1.459 2.992 1.698 1.114 2.167 2.061
 3.205 1.29  2.99  2.19  1.654 1.576 2.017 2.186]
[1.55569586 1.36484251 1.55569586 1.36484251 1.59955441 1.49364981
 1.59357123 2.20326437 1.59955441 1.74394098 1.83899448 1.66160046
 2.96642029 1.55569586 1.81799602 1.49364981 1.43453747 1.55569586
 2.19851789 1.55569586]
yay, we ran!!
Current model running: Random_Forest
Loading features from: SMILES_matrices.csv
It's been split!!
Random forest ran correctly!!
Best score was using the following parameter set:
>> randomforestregressor__n_estimators = 1500
>> randomforestregressor__min_samples_split = 2
>> randomforestregressor__min_samples_leaf = 1
>> randomforestregressor__max_features = sqrt
>> randomforestregressor__max_depth = 20
Root Mean Squared Error: 0.6503401302037495
R-squared: 0.28274818429448134
[1.571 0.954 1.534 1.779 1.19  1.415 1.459 2.992 1.698 1.114 2.167 2.061
 3.205 1.29  2.99  2.19  1.654 1.576 2.017 2.186]
[1.54925005 1.35823604 1.54925005 1.35823604 1.58709818 1.47493693
 1.63501793 2.23168521 1.58709818 1.73741983 1.83710307 1.64906477
 2.4585923  1.54925005 1.78548037 1.47493693 1.4308334  1.54925005
 2.20951699 1.54925005]
yay, we ran!!
The results as dataframe are:
    Descriptor          Model   Optimization  ...        R2  y_true    y_pred
0       SMILES          Lasso  Random Search  ...  0.308607   1.571  1.555696
1       SMILES          Lasso  Random Search  ...  0.308607   0.954  1.364843
2       SMILES          Lasso  Random Search  ...  0.308607   1.534  1.555696
3       SMILES          Lasso  Random Search  ...  0.308607   1.779  1.364843
4       SMILES          Lasso  Random Search  ...  0.308607   1.190  1.599554
..         ...            ...            ...  ...       ...     ...       ...
117     SMILES  Random_Forest  Random Search  ...  0.282748   1.411  2.209517
118     SMILES  Random_Forest  Random Search  ...  0.282748   1.013  1.474937
119     SMILES  Random_Forest  Random Search  ...  0.282748   1.954  1.549250
120     SMILES  Random_Forest  Random Search  ...  0.282748   0.979  1.587098
121     SMILES  Random_Forest  Random Search  ...  0.282748   1.762  2.231685

[122 rows x 7 columns]
Traceback (most recent call last):
  File "/home/cat/descriptors/python_scripts/descriptor_models.py", line 581, in <module>
    print(f"results saved as parquet to ../new_results/{config.property}/parquet_files/{filename}.parquet", index=False)
TypeError: 'index' is an invalid keyword argument for print()
