Viscosity_as_logVis
('SMILES',)
('SVR', 'XGBoost')
Converted file to csv file called: /home/cat/descriptors/datasets_and_SMILES/values_Viscosity_as_logVis_Viscosity_as_logVis.csv
the property I'm extracting is Viscosity_as_logVis
Extracted props saved to: /home/cat/descriptors/datasets_and_SMILES/values_Viscosity_as_logVis_Viscosity_as_logVis_Viscosity_as_logVis.csv
flattened one hot matrices all saved without SMILES lables and seperators added.
descriptor_function returned: SMILES_matrices.csv
Current model running: SVR
Loading features from: SMILES_matrices.csv
It's been split!!
Loading features from: SMILES_matrices.csv
Best score was using the following parameter set:
>> svr__kernel = rbf
>> svr__gamma = 0.7742636826811278
>> svr__epsilon = 0.21544346900318823
>> svr__C = 0.20691380811147891
Root Mean Squared Error: 0.6813332918297491
R-squared: 0.135932077046511
[1.571 0.954 1.534 1.779 1.19  1.415 1.459 2.992 1.698 1.114 2.167 2.061
 3.205 1.29  2.99  2.19  1.654 1.576 2.017 2.186]
[1.46830224 1.37348713 1.46830224 1.37348713 1.58948713 1.5084153
 1.72837407 2.03939396 1.58948713 1.73850702 1.80160782 1.63842918
 1.80160782 1.46830224 1.80160782 1.5084153  1.49030224 1.46830224
 2.17550702 1.46830224]
yay, we ran!!
Current model running: XGBoost
Loading features from: SMILES_matrices.csv
It's been split!!
loading feaure from: SMILES_matrices.csv
Best score was using the following parameter set:
>> subsample = 0.8
>> random_state = 42
>> n_jobs = 8
>> n_estimators = 500
>> max_depth = 8
>> learning_rate = 0.1
>> colsample_bytree = 0.7
Root Mean Squared Error: 0.6462182395565206
R-squared: 0.300759959595326
[1.571 0.954 1.534 1.779 1.19  1.415 1.459 2.992 1.698 1.114 2.167 2.061
 3.205 1.29  2.99  2.19  1.654 1.576 2.017 2.186]
[1.5588373 1.3620894 1.5588373 1.3620894 1.6048176 1.4659407 1.5164196
 2.2242267 1.6048176 1.7308284 1.8418428 1.6571431 2.702668  1.5588373
 1.9086807 1.4659407 1.4425766 1.5588373 2.20462   1.5588373]
yay, we ran!!
The results as dataframe are:
    Descriptor    Model   Optimization      RMSE        R2  y_true    y_pred
0       SMILES      SVR  Random Search  0.681333  0.135932   1.571  1.468302
1       SMILES      SVR  Random Search  0.681333  0.135932   0.954  1.373487
2       SMILES      SVR  Random Search  0.681333  0.135932   1.534  1.468302
3       SMILES      SVR  Random Search  0.681333  0.135932   1.779  1.373487
4       SMILES      SVR  Random Search  0.681333  0.135932   1.190  1.589487
..         ...      ...            ...       ...       ...     ...       ...
117     SMILES  XGBoost  Random Search  0.646218  0.300760   1.411  2.204620
118     SMILES  XGBoost  Random Search  0.646218  0.300760   1.013  1.465941
119     SMILES  XGBoost  Random Search  0.646218  0.300760   1.954  1.558837
120     SMILES  XGBoost  Random Search  0.646218  0.300760   0.979  1.604818
121     SMILES  XGBoost  Random Search  0.646218  0.300760   1.762  2.224227

[122 rows x 7 columns]
Traceback (most recent call last):
  File "/home/cat/descriptors/python_scripts/descriptor_models.py", line 581, in <module>
    print(f"results saved as parquet to ../new_results/{config.property}/parquet_files/{filename}.parquet", index=False)
TypeError: 'index' is an invalid keyword argument for print()
