Viscosity_as_logVis
('SMILES',)
('Lasso',)
Converted file to csv file called: /home/cat/descriptors/datasets_and_SMILES/values_Viscosity_as_logVis_Viscosity_as_logVis.csv
the property I'm extracting is Viscosity_as_logVis
Extracted props saved to: /home/cat/descriptors/datasets_and_SMILES/values_Viscosity_as_logVis_Viscosity_as_logVis_Viscosity_as_logVis.csv
flattened one hot matrices all saved without SMILES lables and seperators added.
descriptor_function returned: SMILES_matrices.csv
Current model running: Lasso
Loading features from: SMILES_matrices.csv
It's been split!!
loading feature from: SMILES_matrices.csv
/home/cat/.local/lib/python3.10/site-packages/sklearn/linear_model/_coordinate_descent.py:695: ConvergenceWarning: Objective did not converge. You might want to increase the number of iterations, check the scale of the features or consider increasing regularisation. Duality gap: 8.405e-02, tolerance: 5.164e-03
  model = cd_fast.enet_coordinate_descent(
/home/cat/.local/lib/python3.10/site-packages/sklearn/linear_model/_coordinate_descent.py:695: ConvergenceWarning: Objective did not converge. You might want to increase the number of iterations, check the scale of the features or consider increasing regularisation. Duality gap: 1.642e-01, tolerance: 5.170e-03
  model = cd_fast.enet_coordinate_descent(
/home/cat/.local/lib/python3.10/site-packages/sklearn/linear_model/_coordinate_descent.py:695: ConvergenceWarning: Objective did not converge. You might want to increase the number of iterations, check the scale of the features or consider increasing regularisation. Duality gap: 5.957e-02, tolerance: 5.670e-03
  model = cd_fast.enet_coordinate_descent(
/home/cat/.local/lib/python3.10/site-packages/sklearn/linear_model/_coordinate_descent.py:695: ConvergenceWarning: Objective did not converge. You might want to increase the number of iterations, check the scale of the features or consider increasing regularisation. Duality gap: 4.557e-02, tolerance: 5.164e-03
  model = cd_fast.enet_coordinate_descent(
/home/cat/.local/lib/python3.10/site-packages/sklearn/linear_model/_coordinate_descent.py:695: ConvergenceWarning: Objective did not converge. You might want to increase the number of iterations, check the scale of the features or consider increasing regularisation. Duality gap: 1.192e-02, tolerance: 5.370e-03
  model = cd_fast.enet_coordinate_descent(
/home/cat/.local/lib/python3.10/site-packages/sklearn/linear_model/_coordinate_descent.py:695: ConvergenceWarning: Objective did not converge. You might want to increase the number of iterations, check the scale of the features or consider increasing regularisation. Duality gap: 1.072e-01, tolerance: 5.154e-03
  model = cd_fast.enet_coordinate_descent(
/home/cat/.local/lib/python3.10/site-packages/sklearn/linear_model/_coordinate_descent.py:695: ConvergenceWarning: Objective did not converge. You might want to increase the number of iterations, check the scale of the features or consider increasing regularisation. Duality gap: 1.648e-01, tolerance: 5.170e-03
  model = cd_fast.enet_coordinate_descent(
/home/cat/.local/lib/python3.10/site-packages/sklearn/linear_model/_coordinate_descent.py:695: ConvergenceWarning: Objective did not converge. You might want to increase the number of iterations, check the scale of the features or consider increasing regularisation. Duality gap: 1.298e-01, tolerance: 5.670e-03
  model = cd_fast.enet_coordinate_descent(
/home/cat/.local/lib/python3.10/site-packages/sklearn/linear_model/_coordinate_descent.py:695: ConvergenceWarning: Objective did not converge. You might want to increase the number of iterations, check the scale of the features or consider increasing regularisation. Duality gap: 4.606e-02, tolerance: 5.164e-03
  model = cd_fast.enet_coordinate_descent(
/home/cat/.local/lib/python3.10/site-packages/sklearn/linear_model/_coordinate_descent.py:695: ConvergenceWarning: Objective did not converge. You might want to increase the number of iterations, check the scale of the features or consider increasing regularisation. Duality gap: 9.446e-03, tolerance: 5.154e-03
  model = cd_fast.enet_coordinate_descent(
/home/cat/.local/lib/python3.10/site-packages/sklearn/linear_model/_coordinate_descent.py:695: ConvergenceWarning: Objective did not converge. You might want to increase the number of iterations, check the scale of the features or consider increasing regularisation. Duality gap: 3.109e-01, tolerance: 5.170e-03
  model = cd_fast.enet_coordinate_descent(
/home/cat/.local/lib/python3.10/site-packages/sklearn/linear_model/_coordinate_descent.py:695: ConvergenceWarning: Objective did not converge. You might want to increase the number of iterations, check the scale of the features or consider increasing regularisation. Duality gap: 6.699e-03, tolerance: 5.670e-03
  model = cd_fast.enet_coordinate_descent(
/home/cat/.local/lib/python3.10/site-packages/sklearn/linear_model/_coordinate_descent.py:695: ConvergenceWarning: Objective did not converge. You might want to increase the number of iterations, check the scale of the features or consider increasing regularisation. Duality gap: 4.875e-02, tolerance: 5.154e-03
  model = cd_fast.enet_coordinate_descent(
/home/cat/.local/lib/python3.10/site-packages/sklearn/linear_model/_coordinate_descent.py:695: ConvergenceWarning: Objective did not converge. You might want to increase the number of iterations, check the scale of the features or consider increasing regularisation. Duality gap: 1.192e-01, tolerance: 5.370e-03
  model = cd_fast.enet_coordinate_descent(
/home/cat/.local/lib/python3.10/site-packages/sklearn/linear_model/_coordinate_descent.py:695: ConvergenceWarning: Objective did not converge. You might want to increase the number of iterations, check the scale of the features or consider increasing regularisation. Duality gap: 7.027e-03, tolerance: 5.670e-03
  model = cd_fast.enet_coordinate_descent(
/home/cat/.local/lib/python3.10/site-packages/sklearn/linear_model/_coordinate_descent.py:695: ConvergenceWarning: Objective did not converge. You might want to increase the number of iterations, check the scale of the features or consider increasing regularisation. Duality gap: 5.010e-02, tolerance: 5.154e-03
  model = cd_fast.enet_coordinate_descent(
/home/cat/.local/lib/python3.10/site-packages/sklearn/linear_model/_coordinate_descent.py:695: ConvergenceWarning: Objective did not converge. You might want to increase the number of iterations, check the scale of the features or consider increasing regularisation. Duality gap: 1.180e-02, tolerance: 5.370e-03
  model = cd_fast.enet_coordinate_descent(
/home/cat/.local/lib/python3.10/site-packages/sklearn/linear_model/_coordinate_descent.py:695: ConvergenceWarning: Objective did not converge. You might want to increase the number of iterations, check the scale of the features or consider increasing regularisation. Duality gap: 6.023e-03, tolerance: 5.154e-03
  model = cd_fast.enet_coordinate_descent(
/home/cat/.local/lib/python3.10/site-packages/sklearn/linear_model/_coordinate_descent.py:695: ConvergenceWarning: Objective did not converge. You might want to increase the number of iterations, check the scale of the features or consider increasing regularisation. Duality gap: 6.336e-03, tolerance: 5.154e-03
  model = cd_fast.enet_coordinate_descent(
/home/cat/.local/lib/python3.10/site-packages/sklearn/linear_model/_coordinate_descent.py:695: ConvergenceWarning: Objective did not converge. You might want to increase the number of iterations, check the scale of the features or consider increasing regularisation. Duality gap: 8.548e-03, tolerance: 5.154e-03
  model = cd_fast.enet_coordinate_descent(
Best score was using the following parameter set:
>> lasso__alpha = 0.005179474679231213
Root Mean Squared Error: 0.6443975346137999
R-squared: 0.3086070885251603
[1.571 0.954 1.534 1.779 1.19  1.415 1.459 2.992 1.698 1.114 2.167 2.061
 3.205 1.29  2.99  2.19  1.654 1.576 2.017 2.186]
[1.55569586 1.36484251 1.55569586 1.36484251 1.59955441 1.49364981
 1.59357123 2.20326437 1.59955441 1.74394098 1.83899448 1.66160046
 2.96642029 1.55569586 1.81799602 1.49364981 1.43453747 1.55569586
 2.19851789 1.55569586]
yay, we ran!!
The results as dataframe are:
   Descriptor  Model             Optimization  ...        R2  y_true    y_pred
0      SMILES  Lasso  Random_Search_optimizer  ...  0.308607   1.571  1.555696
1      SMILES  Lasso  Random_Search_optimizer  ...  0.308607   0.954  1.364843
2      SMILES  Lasso  Random_Search_optimizer  ...  0.308607   1.534  1.555696
3      SMILES  Lasso  Random_Search_optimizer  ...  0.308607   1.779  1.364843
4      SMILES  Lasso  Random_Search_optimizer  ...  0.308607   1.190  1.599554
..        ...    ...                      ...  ...       ...     ...       ...
56     SMILES  Lasso  Random_Search_optimizer  ...  0.308607   1.411  2.198518
57     SMILES  Lasso  Random_Search_optimizer  ...  0.308607   1.013  1.493650
58     SMILES  Lasso  Random_Search_optimizer  ...  0.308607   1.954  1.555696
59     SMILES  Lasso  Random_Search_optimizer  ...  0.308607   0.979  1.599554
60     SMILES  Lasso  Random_Search_optimizer  ...  0.308607   1.762  2.203264

[61 rows x 7 columns]
results saved as parquet to ../new_results/Viscosity_as_logVis/parquet_files/R_a_n_d_o_m___S_e_a_r_c_h___o_p_t_i_m_i_z_e_rLasso_SMILES.parquet
