Viscosity_as_logVis
('SMILES',)
('XGBoost',)
Converted file to csv file called: /home/cat/descriptors/datasets_and_SMILES/values_Viscosity_as_logVis_Viscosity_as_logVis.csv
the property I'm extracting is Viscosity_as_logVis
Extracted props saved to: /home/cat/descriptors/datasets_and_SMILES/values_Viscosity_as_logVis_Viscosity_as_logVis_Viscosity_as_logVis.csv
flattened one hot matrices all saved without SMILES lables and seperators added.
descriptor_function returned: SMILES_matrices.csv
Current model running: XGBoost
Loading features from: SMILES_matrices.csv
It's been split!!
loading feaure from: SMILES_matrices.csv
Best score was using the following parameter set:
>> subsample = 0.8
>> random_state = 42
>> n_jobs = 8
>> n_estimators = 500
>> max_depth = 6
>> learning_rate = 0.1
>> colsample_bytree = 0.8
Root Mean Squared Error: 0.6449452572115802
R-squared: 0.3062534195985288
[1.571 0.954 1.534 1.779 1.19  1.415 1.459 2.992 1.698 1.114 2.167 2.061
 3.205 1.29  2.99  2.19  1.654 1.576 2.017 2.186]
[1.560404  1.36243   1.560404  1.36243   1.6029837 1.4684832 1.5238634
 2.2239993 1.6029837 1.7304415 1.8414776 1.6582873 2.7506196 1.560404
 1.918819  1.4684832 1.4441981 1.560404  2.204097  1.560404 ]
yay, we ran!!
Traceback (most recent call last):
  File "/home/cat/descriptors/python_scripts/descriptor_models.py", line 567, in <module>
    with open(f'..new_results/{config.property}/pickle_files/BEST_best_model_{config.descriptor}_{config.model}_{config.optimization_algorithm}.pickle', 'wb') as f:
FileNotFoundError: [Errno 2] No such file or directory: "..new_results/Viscosity_as_logVis/pickle_files/BEST_best_model_('SMILES',)_('XGBoost',)_Random_Search_optimizer.pickle"
