Viscosity_as_logVis
('SMILES',)
('SVR', 'XGBoost')
Converted file to csv file called: /home/cat/descriptors/datasets_and_SMILES/values_Viscosity_as_logVis_Viscosity_as_logVis.csv
the property I'm extracting is Viscosity_as_logVis
Extracted props saved to: /home/cat/descriptors/datasets_and_SMILES/values_Viscosity_as_logVis_Viscosity_as_logVis_Viscosity_as_logVis.csv
flattened one hot matrices all saved without SMILES lables and seperators added.
descriptor_function returned: SMILES_matrices.csv
Current model running: SVR
Loading features from: SMILES_matrices.csv
It's been split!!
Loading features from: SMILES_matrices.csv
Best score was using the following parameter set:
>> svr__C = 0.37926901907322497
>> svr__epsilon = 0.21544346900318823
>> svr__gamma = scale
>> svr__kernel = rbf
Root Mean Squared Error: 0.6608506042075661
R-squared: 0.23524450278955455
[1.571 0.954 1.534 1.779 1.19  1.415 1.459 2.992 1.698 1.114 2.167 2.061
 3.205 1.29  2.99  2.19  1.654 1.576 2.017 2.186]
[1.4685673  1.37147011 1.4685673  1.37147011 1.58752288 1.50868035
 1.72852847 2.12080171 1.58752288 1.73860776 1.78041555 1.63913045
 2.1239346  1.4685673  1.83945564 1.50868035 1.4445369  1.4685673
 2.11132485 1.4685673 ]
Current model running: XGBoost
Loading features from: SMILES_matrices.csv
It's been split!!
loading feaure from: SMILES_matrices.csv
Best score was using the following parameter set:
>> colsample_bytree = 0.8
>> learning_rate = 0.1
>> max_depth = 6
>> n_estimators = 500
>> n_jobs = 8
>> random_state = 42
>> subsample = 0.8
Root Mean Squared Error: 0.6449452572115802
R-squared: 0.3062534195985288
[1.571 0.954 1.534 1.779 1.19  1.415 1.459 2.992 1.698 1.114 2.167 2.061
 3.205 1.29  2.99  2.19  1.654 1.576 2.017 2.186]
[1.560404  1.36243   1.560404  1.36243   1.6029837 1.4684832 1.5238634
 2.2239993 1.6029837 1.7304415 1.8414776 1.6582873 2.7506196 1.560404
 1.918819  1.4684832 1.4441981 1.560404  2.204097  1.560404 ]
The results as dataframe are:
    Descriptor    Model Optimization      RMSE        R2  y_true    y_pred
0       SMILES      SVR  Grid Search  0.235245  0.660851   1.571  1.468567
1       SMILES      SVR  Grid Search  0.235245  0.660851   0.954  1.371470
2       SMILES      SVR  Grid Search  0.235245  0.660851   1.534  1.468567
3       SMILES      SVR  Grid Search  0.235245  0.660851   1.779  1.371470
4       SMILES      SVR  Grid Search  0.235245  0.660851   1.190  1.587523
..         ...      ...          ...       ...       ...     ...       ...
117     SMILES  XGBoost  Grid Search  0.306253  0.644945   1.411  2.204097
118     SMILES  XGBoost  Grid Search  0.306253  0.644945   1.013  1.468483
119     SMILES  XGBoost  Grid Search  0.306253  0.644945   1.954  1.560404
120     SMILES  XGBoost  Grid Search  0.306253  0.644945   0.979  1.602984
121     SMILES  XGBoost  Grid Search  0.306253  0.644945   1.762  2.223999

[122 rows x 7 columns]
Traceback (most recent call last):
  File "/home/cat/descriptors/python_scripts/descriptor_models.py", line 579, in <module>
    filename = "_".join(str, config.optimization_algorithm) + "_".join(map(str, config.model)) + "_" + "_".join(map(str, config.descriptor))
TypeError: str.join() takes exactly one argument (2 given)
