Viscosity_as_logVis
('RDKit',)
('SVR',)
Converted file to csv file called: /home/cat/descriptors/datasets_and_SMILES/values_Viscosity_as_logVis_Viscosity_as_logVis.csv
the property I'm extracting is Viscosity_as_logVis
Extracted props saved to: /home/cat/descriptors/datasets_and_SMILES/values_Viscosity_as_logVis_Viscosity_as_logVis_Viscosity_as_logVis.csv
(304, 217)
RDKit descriptors ran correctly
descriptor_function returned: rdkit_descriptors.csv
Current model running: SVR
Loading features from: rdkit_descriptors.csv
It's been split!!
Loading features from: rdkit_descriptors.csv
Best score was using the following parameter set:
>> svr__C = 7.847599703514606
>> svr__epsilon = 0.46415888336127775
>> svr__gamma = 0.001291549665014884
>> svr__kernel = rbf
Root Mean Squared Error: 0.6198059853818627
R-squared: 0.40825785013653293
[1.571 0.954 1.534 1.779 1.19  1.415 1.459 2.992 1.698 1.114 2.167 2.061
 3.205 1.29  2.99  2.19  1.654 1.576 2.017 2.186]
[1.5214462  1.41457605 1.5214462  1.41457605 1.5427229  1.57777239
 1.68664725 2.20981852 1.5427229  1.69239103 1.98356199 1.67622892
 2.71667257 1.5214462  2.6158858  1.57777239 1.66488059 1.5214462
 2.11266831 1.5214462 ]
Traceback (most recent call last):
  File "/home/cat/descriptors/python_scripts/descriptor_models.py", line 567, in <module>
    with open(f'..new_results/{config.property}/pickle_files/BEST_best_model_{config.descriptor}_{config.model}_{config.optimization_algorithm}.pickle', 'wb') as f:
FileNotFoundError: [Errno 2] No such file or directory: "..new_results/Viscosity_as_logVis/pickle_files/BEST_best_model_('RDKit',)_('SVR',)_Grid_Search_optimizer.pickle"
