Viscosity_as_logVis
('SMILES',)
('Lasso',)
Converted file to csv file called: /home/cat/descriptors/datasets_and_SMILES/values_Viscosity_as_logVis_Viscosity_as_logVis.csv
the property I'm extracting is Viscosity_as_logVis
Extracted props saved to: /home/cat/descriptors/datasets_and_SMILES/values_Viscosity_as_logVis_Viscosity_as_logVis_Viscosity_as_logVis.csv
flattened one hot matrices all saved without SMILES lables and seperators added.
descriptor_function returned: SMILES_matrices.csv
Current model running: Lasso
Loading features from: SMILES_matrices.csv
It's been split!!
loading feature from: SMILES_matrices.csv
Best score was using the following parameter set:
>> lasso__alpha = 0.1
>> selectkbest__k = 8
Root Mean Squared Error: 0.4849780894853592
R-squared: 0.05690883030452021
Train R2: 0.08928204303169518
best alpha: {'lasso__alpha': np.float64(0.1), 'selectkbest__k': 8}
[1.571 0.954 1.534 1.779 1.19  1.415 1.459 2.992 1.698 1.114 2.167 2.061
 3.205 1.29  2.99  2.19  1.654 1.576 2.017 2.186]
[1.83914253 1.59856935 1.83914253 1.59856935 1.83914253 1.83914253
 1.83914253 1.83914253 1.83914253 1.83914253 1.83914253 1.83914253
 1.83914253 1.83914253 1.83914253 1.83914253 1.59856935 1.83914253
 1.83914253 1.83914253]
PICKLE SAVED
