Viscosity_as_logVis
('Bit Morgan',)
('Random_Forest',)
Converted file to csv file called: /home/cat/descriptors/datasets_and_SMILES/values_Viscosity_as_logVis_Viscosity_as_logVis.csv
the property I'm extracting is Viscosity_as_logVis
Extracted props saved to: /home/cat/descriptors/datasets_and_SMILES/values_Viscosity_as_logVis_Viscosity_as_logVis_Viscosity_as_logVis.csv
Molecule 1 Fingerprint: [0 0 0 ... 0 0 0]
Molecule 2 Fingerprint: [0 0 0 ... 0 0 0]
Molecule 3 Fingerprint: [0 0 0 ... 0 0 0]
Molecule 4 Fingerprint: [0 0 0 ... 0 0 0]
Molecule 5 Fingerprint: [0 0 0 ... 0 0 0]
Molecule 6 Fingerprint: [0 0 0 ... 0 0 0]
Molecule 7 Fingerprint: [0 0 0 ... 0 0 0]
Molecule 8 Fingerprint: [0 0 0 ... 0 0 0]
Molecule 9 Fingerprint: [0 0 0 ... 0 0 0]
Molecule 10 Fingerprint: [0 0 0 ... 0 0 0]
Molecule 11 Fingerprint: [0 0 0 ... 0 0 0]
Molecule 12 Fingerprint: [0 0 0 ... 0 0 0]
Molecule 13 Fingerprint: [0 0 0 ... 0 0 0]
Molecule 14 Fingerprint: [0 0 0 ... 0 0 0]
Molecule 15 Fingerprint: [0 0 0 ... 0 0 0]
Molecule 16 Fingerprint: [0 0 0 ... 0 0 0]
Molecule 17 Fingerprint: [0 0 0 ... 0 0 0]
Molecule 18 Fingerprint: [0 0 0 ... 0 0 0]
Molecule 19 Fingerprint: [0 0 0 ... 0 0 0]
Molecule 20 Fingerprint: [0 0 0 ... 0 0 0]
Molecule 21 Fingerprint: [0 0 0 ... 0 0 0]
Molecule 22 Fingerprint: [0 0 0 ... 0 0 0]
Molecule 23 Fingerprint: [0 0 0 ... 0 0 0]
Molecule 24 Fingerprint: [0 0 0 ... 0 0 0]
Molecule 25 Fingerprint: [0 0 0 ... 0 0 0]
Molecule 26 Fingerprint: [0 0 0 ... 0 0 0]
Molecule 27 Fingerprint: [0 0 0 ... 0 0 0]
Molecule 28 Fingerprint: [0 0 0 ... 0 0 0]
Molecule 29 Fingerprint: [0 0 0 ... 0 0 0]
Molecule 30 Fingerprint: [0 0 0 ... 0 0 0]
Molecule 31 Fingerprint: [0 0 0 ... 0 0 0]
Molecule 32 Fingerprint: [0 0 0 ... 0 0 0]
Molecule 33 Fingerprint: [0 0 0 ... 0 0 0]
Molecule 34 Fingerprint: [0 0 0 ... 0 0 0]
Molecule 35 Fingerprint: [0 0 0 ... 0 0 0]
Molecule 36 Fingerprint: [0 0 0 ... 0 0 0]
Molecule 37 Fingerprint: [0 0 0 ... 0 0 0]
Molecule 38 Fingerprint: [0 0 0 ... 0 0 0]
Molecule 39 Fingerprint: [0 0 0 ... 0 0 0]
Molecule 40 Fingerprint: [0 0 0 ... 0 0 0]
Molecule 41 Fingerprint: [0 0 0 ... 0 0 0]
Molecule 42 Fingerprint: [0 0 0 ... 0 0 0]
Molecule 43 Fingerprint: [0 0 0 ... 0 0 0]
Molecule 44 Fingerprint: [0 0 0 ... 0 0 0]
Molecule 45 Fingerprint: [0 0 0 ... 0 0 0]
Molecule 46 Fingerprint: [0 0 0 ... 0 0 0]
Molecule 47 Fingerprint: [0 0 0 ... 0 0 0]
Molecule 48 Fingerprint: [0 0 0 ... 0 0 0]
Molecule 49 Fingerprint: [0 0 0 ... 0 0 0]
Molecule 50 Fingerprint: [0 0 0 ... 0 0 0]
Molecule 51 Fingerprint: [0 0 0 ... 0 0 0]
Molecule 52 Fingerprint: [0 0 0 ... 0 0 0]
Molecule 53 Fingerprint: [0 0 0 ... 0 0 0]
Molecule 54 Fingerprint: [0 0 0 ... 0 0 0]
Molecule 55 Fingerprint: [0 0 0 ... 0 0 0]
Molecule 56 Fingerprint: [0 0 0 ... 0 0 0]
Molecule 57 Fingerprint: [0 0 0 ... 0 0 0]
Molecule 58 Fingerprint: [0 0 0 ... 0 0 0]
Molecule 59 Fingerprint: [0 0 0 ... 0 0 0]
Molecule 60 Fingerprint: [0 0 0 ... 0 0 0]
Molecule 61 Fingerprint: [0 0 0 ... 0 0 0]
Molecule 62 Fingerprint: [0 0 0 ... 0 0 0]
Molecule 63 Fingerprint: [0 0 0 ... 0 0 0]
Molecule 64 Fingerprint: [0 0 0 ... 0 0 0]
Molecule 65 Fingerprint: [0 0 0 ... 0 0 0]
Molecule 66 Fingerprint: [0 0 0 ... 0 0 0]
Molecule 67 Fingerprint: [0 0 0 ... 0 0 0]
Molecule 68 Fingerprint: [0 0 0 ... 0 0 0]
Molecule 69 Fingerprint: [0 0 0 ... 0 0 0]
Molecule 70 Fingerprint: [0 0 0 ... 0 0 0]
Molecule 71 Fingerprint: [0 0 0 ... 0 0 0]
Molecule 72 Fingerprint: [0 0 0 ... 0 0 0]
Molecule 73 Fingerprint: [0 0 0 ... 0 0 0]
Molecule 74 Fingerprint: [0 0 0 ... 0 0 0]
Molecule 75 Fingerprint: [0 0 0 ... 0 0 0]
Molecule 76 Fingerprint: [0 0 0 ... 0 0 0]
Molecule 77 Fingerprint: [0 0 0 ... 0 0 0]
Molecule 78 Fingerprint: [0 0 0 ... 0 0 0]
Molecule 79 Fingerprint: [0 0 0 ... 0 0 0]
Molecule 80 Fingerprint: [0 0 0 ... 0 0 0]
Molecule 81 Fingerprint: [0 0 0 ... 0 0 0]
Molecule 82 Fingerprint: [0 0 0 ... 0 0 0]
Molecule 83 Fingerprint: [0 0 0 ... 0 0 0]
Molecule 84 Fingerprint: [0 0 0 ... 0 0 0]
Molecule 85 Fingerprint: [0 0 0 ... 0 0 0]
Molecule 86 Fingerprint: [0 0 0 ... 0 0 0]
Molecule 87 Fingerprint: [0 0 0 ... 0 0 0]
Molecule 88 Fingerprint: [0 0 0 ... 0 0 0]
Molecule 89 Fingerprint: [0 0 0 ... 0 0 0]
Molecule 90 Fingerprint: [0 0 0 ... 0 0 0]
Molecule 91 Fingerprint: [0 0 0 ... 0 0 0]
Molecule 92 Fingerprint: [0 0 0 ... 0 0 0]
Molecule 93 Fingerprint: [0 0 0 ... 0 0 0]
Molecule 94 Fingerprint: [0 0 0 ... 0 0 0]
Molecule 95 Fingerprint: [0 0 0 ... 0 0 0]
Molecule 96 Fingerprint: [0 0 0 ... 0 0 0]
Molecule 97 Fingerprint: [0 0 0 ... 0 0 0]
Molecule 98 Fingerprint: [0 0 0 ... 0 0 0]
Molecule 99 Fingerprint: [0 0 0 ... 0 0 0]
Molecule 100 Fingerprint: [0 0 0 ... 0 0 0]
Molecule 101 Fingerprint: [0 0 0 ... 0 0 0]
Molecule 102 Fingerprint: [0 0 0 ... 0 0 0]
Molecule 103 Fingerprint: [0 0 0 ... 0 0 0]
Molecule 104 Fingerprint: [0 0 0 ... 0 0 0]
Molecule 105 Fingerprint: [0 0 0 ... 0 0 0]
Molecule 106 Fingerprint: [0 0 0 ... 0 0 0]
Molecule 107 Fingerprint: [0 0 0 ... 0 0 0]
Molecule 108 Fingerprint: [0 0 0 ... 0 0 0]
Molecule 109 Fingerprint: [0 0 0 ... 0 0 0]
Molecule 110 Fingerprint: [0 0 0 ... 0 0 0]
Molecule 111 Fingerprint: [0 0 0 ... 0 0 0]
Molecule 112 Fingerprint: [0 0 0 ... 0 0 0]
Molecule 113 Fingerprint: [0 0 0 ... 0 0 0]
Molecule 114 Fingerprint: [0 0 0 ... 0 0 0]
Molecule 115 Fingerprint: [0 0 0 ... 0 0 0]
Molecule 116 Fingerprint: [0 0 0 ... 0 0 0]
Molecule 117 Fingerprint: [0 0 0 ... 0 0 0]
Molecule 118 Fingerprint: [0 0 0 ... 0 0 0]
Molecule 119 Fingerprint: [0 0 0 ... 0 0 0]
Molecule 120 Fingerprint: [0 0 0 ... 0 0 0]
Molecule 121 Fingerprint: [0 0 0 ... 0 0 0]
Molecule 122 Fingerprint: [0 0 0 ... 0 0 0]
Molecule 123 Fingerprint: [0 0 0 ... 0 0 0]
Molecule 124 Fingerprint: [0 0 0 ... 0 0 0]
Molecule 125 Fingerprint: [0 0 0 ... 0 0 0]
Molecule 126 Fingerprint: [0 0 0 ... 0 0 0]
Molecule 127 Fingerprint: [0 0 0 ... 0 0 0]
Molecule 128 Fingerprint: [0 0 0 ... 0 0 0]
Molecule 129 Fingerprint: [0 0 0 ... 0 0 0]
Molecule 130 Fingerprint: [0 0 0 ... 0 0 0]
Molecule 131 Fingerprint: [0 0 0 ... 0 0 0]
Molecule 132 Fingerprint: [0 0 0 ... 0 0 0]
Molecule 133 Fingerprint: [0 0 0 ... 0 0 0]
Molecule 134 Fingerprint: [0 0 0 ... 0 0 0]
Molecule 135 Fingerprint: [0 0 0 ... 0 0 0]
Molecule 136 Fingerprint: [0 0 0 ... 0 0 0]
Molecule 137 Fingerprint: [0 0 0 ... 0 0 0]
Molecule 138 Fingerprint: [0 0 0 ... 0 0 0]
Molecule 139 Fingerprint: [0 0 0 ... 0 0 0]
Molecule 140 Fingerprint: [0 0 0 ... 0 0 0]
Molecule 141 Fingerprint: [0 0 0 ... 0 0 0]
Molecule 142 Fingerprint: [0 0 0 ... 0 0 0]
Molecule 143 Fingerprint: [0 0 0 ... 0 0 0]
Molecule 144 Fingerprint: [0 0 0 ... 0 0 0]
Molecule 145 Fingerprint: [0 0 0 ... 0 0 0]
Molecule 146 Fingerprint: [0 0 0 ... 0 0 0]
Molecule 147 Fingerprint: [0 0 0 ... 0 0 0]
Molecule 148 Fingerprint: [0 0 0 ... 0 0 0]
Molecule 149 Fingerprint: [0 0 0 ... 0 0 0]
Molecule 150 Fingerprint: [0 0 0 ... 0 0 0]
Molecule 151 Fingerprint: [0 0 0 ... 0 0 0]
Molecule 152 Fingerprint: [0 0 0 ... 0 0 0]
Molecule 153 Fingerprint: [0 0 0 ... 0 0 0]
Molecule 154 Fingerprint: [0 0 0 ... 0 0 0]
Molecule 155 Fingerprint: [0 0 0 ... 0 0 0]
Molecule 156 Fingerprint: [0 0 0 ... 0 0 0]
Molecule 157 Fingerprint: [0 0 0 ... 0 0 0]
Molecule 158 Fingerprint: [0 0 0 ... 0 0 0]
Molecule 159 Fingerprint: [0 0 0 ... 0 0 0]
Molecule 160 Fingerprint: [0 0 0 ... 0 0 0]
Molecule 161 Fingerprint: [0 0 0 ... 0 0 0]
Molecule 162 Fingerprint: [0 0 0 ... 0 0 0]
Molecule 163 Fingerprint: [0 0 0 ... 0 0 0]
Molecule 164 Fingerprint: [0 0 0 ... 0 0 0]
Molecule 165 Fingerprint: [0 0 0 ... 0 0 0]
Molecule 166 Fingerprint: [0 0 0 ... 0 0 0]
Molecule 167 Fingerprint: [0 0 0 ... 0 0 0]
Molecule 168 Fingerprint: [0 0 0 ... 0 0 0]
Molecule 169 Fingerprint: [0 0 0 ... 0 0 0]
Molecule 170 Fingerprint: [0 0 0 ... 0 0 0]
Molecule 171 Fingerprint: [0 0 0 ... 0 0 0]
Molecule 172 Fingerprint: [0 0 0 ... 0 0 0]
Molecule 173 Fingerprint: [0 0 0 ... 0 0 0]
Molecule 174 Fingerprint: [0 0 0 ... 0 0 0]
Molecule 175 Fingerprint: [0 0 0 ... 0 0 0]
Molecule 176 Fingerprint: [0 0 0 ... 0 0 0]
Molecule 177 Fingerprint: [0 0 0 ... 0 0 0]
Molecule 178 Fingerprint: [0 0 0 ... 0 0 0]
Molecule 179 Fingerprint: [0 0 0 ... 0 0 0]
Molecule 180 Fingerprint: [0 0 0 ... 0 0 0]
Molecule 181 Fingerprint: [0 0 0 ... 0 0 0]
Molecule 182 Fingerprint: [0 0 0 ... 0 0 0]
Molecule 183 Fingerprint: [0 0 0 ... 0 0 0]
Molecule 184 Fingerprint: [0 0 0 ... 0 0 0]
Molecule 185 Fingerprint: [0 0 0 ... 0 0 0]
Molecule 186 Fingerprint: [0 0 0 ... 0 0 0]
Molecule 187 Fingerprint: [0 0 0 ... 0 0 0]
Molecule 188 Fingerprint: [0 0 0 ... 0 0 0]
Molecule 189 Fingerprint: [0 0 0 ... 0 0 0]
Molecule 190 Fingerprint: [0 0 0 ... 0 0 0]
Molecule 191 Fingerprint: [0 0 0 ... 0 0 0]
Molecule 192 Fingerprint: [0 0 0 ... 0 0 0]
Molecule 193 Fingerprint: [0 0 0 ... 0 0 0]
Molecule 194 Fingerprint: [0 0 0 ... 0 0 0]
Molecule 195 Fingerprint: [0 0 0 ... 0 0 0]
Molecule 196 Fingerprint: [0 0 0 ... 0 0 0]
Molecule 197 Fingerprint: [0 0 0 ... 0 0 0]
Molecule 198 Fingerprint: [0 0 0 ... 0 0 0]
Molecule 199 Fingerprint: [0 0 0 ... 0 0 0]
Molecule 200 Fingerprint: [0 0 0 ... 0 0 0]
Molecule 201 Fingerprint: [0 0 0 ... 0 0 0]
Molecule 202 Fingerprint: [0 0 0 ... 0 0 0]
Molecule 203 Fingerprint: [0 0 0 ... 0 0 0]
Molecule 204 Fingerprint: [0 0 0 ... 0 0 0]
Molecule 205 Fingerprint: [0 0 0 ... 0 0 0]
Molecule 206 Fingerprint: [0 0 0 ... 0 0 0]
Molecule 207 Fingerprint: [0 0 0 ... 0 0 0]
Molecule 208 Fingerprint: [0 0 0 ... 0 0 0]
Molecule 209 Fingerprint: [0 0 0 ... 0 0 0]
Molecule 210 Fingerprint: [0 0 0 ... 0 0 0]
Molecule 211 Fingerprint: [0 0 0 ... 0 0 0]
Molecule 212 Fingerprint: [0 0 0 ... 0 0 0]
Molecule 213 Fingerprint: [0 0 0 ... 0 0 0]
Molecule 214 Fingerprint: [0 0 0 ... 0 0 0]
Molecule 215 Fingerprint: [0 0 0 ... 0 0 0]
Molecule 216 Fingerprint: [0 0 0 ... 0 0 0]
Molecule 217 Fingerprint: [0 0 0 ... 0 0 0]
Molecule 218 Fingerprint: [0 0 0 ... 0 0 0]
Molecule 219 Fingerprint: [0 0 0 ... 0 0 0]
Molecule 220 Fingerprint: [0 0 0 ... 0 0 0]
Molecule 221 Fingerprint: [0 0 0 ... 0 0 0]
Molecule 222 Fingerprint: [0 0 0 ... 0 0 0]
Molecule 223 Fingerprint: [0 0 0 ... 0 0 0]
Molecule 224 Fingerprint: [0 0 0 ... 0 0 0]
Molecule 225 Fingerprint: [0 0 0 ... 0 0 0]
Molecule 226 Fingerprint: [0 0 0 ... 0 0 0]
Molecule 227 Fingerprint: [0 0 0 ... 0 0 0]
Molecule 228 Fingerprint: [0 0 0 ... 0 0 0]
Molecule 229 Fingerprint: [0 0 0 ... 0 0 0]
Molecule 230 Fingerprint: [0 0 0 ... 0 0 0]
Molecule 231 Fingerprint: [0 0 0 ... 0 0 0]
Molecule 232 Fingerprint: [0 0 0 ... 0 0 0]
Molecule 233 Fingerprint: [0 0 0 ... 0 0 0]
Molecule 234 Fingerprint: [0 0 0 ... 0 0 0]
Molecule 235 Fingerprint: [0 0 0 ... 0 0 0]
Molecule 236 Fingerprint: [0 0 0 ... 0 0 0]
Molecule 237 Fingerprint: [0 0 0 ... 0 0 0]
Molecule 238 Fingerprint: [0 0 0 ... 0 0 0]
Molecule 239 Fingerprint: [0 0 0 ... 0 0 0]
Molecule 240 Fingerprint: [0 0 0 ... 0 0 0]
Molecule 241 Fingerprint: [0 0 0 ... 0 0 0]
Molecule 242 Fingerprint: [0 0 0 ... 0 0 0]
Molecule 243 Fingerprint: [0 0 0 ... 0 0 0]
Molecule 244 Fingerprint: [0 0 0 ... 0 0 0]
Molecule 245 Fingerprint: [0 0 0 ... 0 0 0]
Molecule 246 Fingerprint: [0 0 0 ... 0 0 0]
Molecule 247 Fingerprint: [0 0 0 ... 0 0 0]
Molecule 248 Fingerprint: [0 0 0 ... 0 0 0]
Molecule 249 Fingerprint: [0 0 0 ... 0 0 0]
Molecule 250 Fingerprint: [0 0 0 ... 0 0 0]
Molecule 251 Fingerprint: [0 0 0 ... 0 0 0]
Molecule 252 Fingerprint: [0 0 0 ... 0 0 0]
Molecule 253 Fingerprint: [0 0 0 ... 0 0 0]
Molecule 254 Fingerprint: [0 0 0 ... 0 0 0]
Molecule 255 Fingerprint: [0 0 0 ... 0 0 0]
Molecule 256 Fingerprint: [0 0 0 ... 0 0 0]
Molecule 257 Fingerprint: [0 0 0 ... 0 0 0]
Molecule 258 Fingerprint: [0 0 0 ... 0 0 0]
Molecule 259 Fingerprint: [0 0 0 ... 0 0 0]
Molecule 260 Fingerprint: [0 0 0 ... 0 0 0]
Molecule 261 Fingerprint: [0 0 0 ... 0 0 0]
Molecule 262 Fingerprint: [0 0 0 ... 0 0 0]
Molecule 263 Fingerprint: [0 0 0 ... 0 0 0]
Molecule 264 Fingerprint: [0 0 0 ... 0 0 0]
Molecule 265 Fingerprint: [0 0 0 ... 0 0 0]
Molecule 266 Fingerprint: [0 0 0 ... 0 0 0]
Molecule 267 Fingerprint: [0 0 0 ... 0 0 0]
Molecule 268 Fingerprint: [0 0 0 ... 0 0 0]
Molecule 269 Fingerprint: [0 0 0 ... 0 0 0]
Molecule 270 Fingerprint: [0 0 0 ... 0 0 0]
Molecule 271 Fingerprint: [0 0 0 ... 0 0 0]
Molecule 272 Fingerprint: [0 0 0 ... 0 0 0]
Molecule 273 Fingerprint: [0 0 0 ... 0 0 0]
Molecule 274 Fingerprint: [0 0 0 ... 0 0 0]
Molecule 275 Fingerprint: [0 0 0 ... 0 0 0]
Molecule 276 Fingerprint: [0 0 0 ... 0 0 0]
Molecule 277 Fingerprint: [0 0 0 ... 0 0 0]
Molecule 278 Fingerprint: [0 0 0 ... 0 0 0]
Molecule 279 Fingerprint: [0 0 0 ... 0 0 0]
Molecule 280 Fingerprint: [0 0 0 ... 0 0 0]
Molecule 281 Fingerprint: [0 0 0 ... 0 0 0]
Molecule 282 Fingerprint: [0 0 0 ... 0 0 0]
Molecule 283 Fingerprint: [0 0 0 ... 0 0 0]
Molecule 284 Fingerprint: [0 0 0 ... 0 0 0]
Molecule 285 Fingerprint: [0 0 0 ... 0 0 0]
Molecule 286 Fingerprint: [0 0 0 ... 0 0 0]
Molecule 287 Fingerprint: [0 0 0 ... 0 0 0]
Molecule 288 Fingerprint: [0 0 0 ... 0 0 0]
Molecule 289 Fingerprint: [0 0 0 ... 0 0 0]
Molecule 290 Fingerprint: [0 0 0 ... 0 0 0]
Molecule 291 Fingerprint: [0 0 0 ... 0 0 0]
Molecule 292 Fingerprint: [0 0 0 ... 0 0 0]
Molecule 293 Fingerprint: [0 0 0 ... 0 0 0]
Molecule 294 Fingerprint: [0 0 0 ... 0 0 0]
Molecule 295 Fingerprint: [0 0 0 ... 0 0 0]
Molecule 296 Fingerprint: [0 0 0 ... 0 0 0]
Molecule 297 Fingerprint: [0 0 0 ... 0 0 0]
Molecule 298 Fingerprint: [0 0 0 ... 0 0 0]
Molecule 299 Fingerprint: [0 0 0 ... 0 0 0]
Molecule 300 Fingerprint: [0 0 0 ... 0 0 0]
Molecule 301 Fingerprint: [0 0 0 ... 0 0 0]
Molecule 302 Fingerprint: [0 0 0 ... 0 0 0]
Molecule 303 Fingerprint: [0 0 0 ... 0 0 0]
Molecule 304 Fingerprint: [0 0 0 ... 0 0 0]
[[0 0 0 ... 0 0 0]
 [0 0 0 ... 0 0 0]
 [0 0 0 ... 0 0 0]
 ...
 [0 0 0 ... 0 0 0]
 [0 0 0 ... 0 0 0]
 [0 0 0 ... 0 0 0]]
(304, 4096)
SMILES to BitMorgan ran correctly
descriptor_function returned: bit_array_fingerprint.csv
Current model running: Random_Forest
Loading features from: bit_array_fingerprint.csv
It's been split!!
Random forest ran correctly!!
Best score was using the following parameter set:
>> randomforestregressor__max_depth = 20
>> randomforestregressor__max_features = sqrt
>> randomforestregressor__min_samples_leaf = 1
>> randomforestregressor__min_samples_split = 2
>> randomforestregressor__n_estimators = 1500
Root Mean Squared Error: 0.6564757047881439
R-squared: 0.2552953351180487
[1.571 0.954 1.534 1.779 1.19  1.415 1.459 2.992 1.698 1.114 2.167 2.061
 3.205 1.29  2.99  2.19  1.654 1.576 2.017 2.186]
[1.54925005 1.35823604 1.54925005 1.35823604 1.58709818 1.47493693
 1.60004332 2.28430967 1.58709818 1.73741983 1.83710307 1.7218428
 2.05444274 1.54925005 2.02469243 1.47493693 1.43134978 1.54925005
 2.20951699 1.54925005]
The results as dataframe are:
    Descriptor          Model  ... y_true    y_pred
0   Bit Morgan  Random_Forest  ...  1.571  1.549250
1   Bit Morgan  Random_Forest  ...  0.954  1.358236
2   Bit Morgan  Random_Forest  ...  1.534  1.549250
3   Bit Morgan  Random_Forest  ...  1.779  1.358236
4   Bit Morgan  Random_Forest  ...  1.190  1.587098
..         ...            ...  ...    ...       ...
56  Bit Morgan  Random_Forest  ...  1.411  2.209517
57  Bit Morgan  Random_Forest  ...  1.013  1.474937
58  Bit Morgan  Random_Forest  ...  1.954  1.549250
59  Bit Morgan  Random_Forest  ...  0.979  1.587098
60  Bit Morgan  Random_Forest  ...  1.762  2.284310

[61 rows x 7 columns]
results saved as parquet to ../new_results/Viscosity_as_logVis/parquet_files/G_r_i_d___S_e_a_r_c_h___o_p_t_i_m_i_z_e_rRandom_Forest_Bit Morgan.parquet
