boiling_point
('RDKit',)
('Lasso',)
Converted file to csv file called: /home/cat/descriptors/datasets_and_SMILES/values_boiling_point_boiling_point.csv
the property I'm extracting is boiling_point
Extracted props saved to: /home/cat/descriptors/datasets_and_SMILES/values_boiling_point_boiling_point_boiling_point.csv
(191, 217)
RDKit descriptors ran correctly
descriptor_function returned: rdkit_descriptors.csv
Current model running: Lasso
Loading features from: rdkit_descriptors.csv
It's been split!!
loading feature from: rdkit_descriptors.csv
Best score was using the following parameter set:
>> lasso__alpha = 0.1
>> selectkbest__k = 10
Root Mean Squared Error: 25.06960392474178
R-squared: 0.8550177779120696
Train R2: 0.8428650218176785
best alpha: {'lasso__alpha': np.float64(0.1), 'selectkbest__k': 10}
[285.15 243.75 482.05 364.65 263.55 432.15 304.77 411.15 308.85 316.25
 378.05 279.35 225.05 346.95 369.55 309.65 400.65 261.15 366.   298.75]
[273.39079584 258.70930517 442.57422776 368.30186855 261.01358781
 402.72612016 269.9369549  397.10766897 304.48256216 271.34829713
 381.46950699 262.91483431 229.83108835 320.73155226 366.25758459
 267.84321698 332.89888776 266.12737868 331.1064499  303.3891228 ]
Traceback (most recent call last):
  File "/home/cat/descriptors/python_scripts/descriptor_models.py", line 569, in <module>
    if run_pickle == "yes":
NameError: name 'run_pickle' is not defined
