boiling_point
('RDKit',)
('XGBoost',)
Converted file to csv file called: /home/cat/descriptors/datasets_and_SMILES/values_boiling_point_boiling_point.csv
the property I'm extracting is boiling_point
Extracted props saved to: /home/cat/descriptors/datasets_and_SMILES/values_boiling_point_boiling_point_boiling_point.csv
(191, 217)
RDKit descriptors ran correctly
descriptor_function returned: rdkit_descriptors.csv
Current model running: XGBoost
Loading features from: rdkit_descriptors.csv
It's been split!!
loading feaure from: rdkit_descriptors.csv
Best score was using the following parameter set:
>> subsample = 0.7
>> reg_lambda = 5
>> reg_alpha = 0
>> random_state = 42
>> n_jobs = 8
>> n_estimators = 400
>> min_child_weight = 10
>> max_depth = 2
>> learning_rate = 0.05
>> gamma = 0
>> colsample_bytree = 0.6
Root Mean Squared Error: 14.654168511034865
R-squared: 0.9504615779233244
[285.15 243.75 482.05 364.65 263.55 432.15 304.77 411.15 308.85 316.25
 378.05 279.35 225.05 346.95 369.55 309.65 400.65 261.15 366.   298.75]
[280.8308  247.54033 455.00943 363.10336 277.34518 424.92255 306.28537
 411.63495 324.98846 298.40842 377.8234  268.9473  219.83383 362.09866
 376.81473 304.03156 382.84738 265.43817 361.40448 307.82388]
yay, we ran!!
Traceback (most recent call last):
  File "/home/cat/descriptors/python_scripts/descriptor_models.py", line 569, in <module>
    if run_pickle == "yes":
NameError: name 'run_pickle' is not defined
