boiling_point
('RDKit',)
('Lasso',)
Converted file to csv file called: /home/cat/descriptors/datasets_and_SMILES/values_boiling_point_boiling_point.csv
the property I'm extracting is boiling_point
Extracted props saved to: /home/cat/descriptors/datasets_and_SMILES/values_boiling_point_boiling_point_boiling_point.csv
(191, 217)
RDKit descriptors ran correctly
descriptor_function returned: rdkit_descriptors.csv
Current model running: Lasso
Loading features from: rdkit_descriptors.csv
It's been split!!
loading feature from: rdkit_descriptors.csv
Best score was using the following parameter set:
>> selectkbest__k = 10
>> lasso__alpha = 0.11513953993264472
Root Mean Squared Error: 25.06449938944792
R-squared: 0.8550768128715107
[285.15 243.75 482.05 364.65 263.55 432.15 304.77 411.15 308.85 316.25
 378.05 279.35 225.05 346.95 369.55 309.65 400.65 261.15 366.   298.75]
[273.19164691 258.73965136 442.01754029 368.38822783 261.25510035
 401.95173826 270.37917682 397.34252302 304.26370954 271.52242588
 382.34388312 262.7152825  229.69709058 320.68211745 365.69003987
 268.37537453 332.84426189 266.06787965 330.90677252 302.75824285]
yay, we ran!!
Traceback (most recent call last):
  File "/home/cat/descriptors/python_scripts/descriptor_models.py", line 569, in <module>
    if run_pickle == "yes":
NameError: name 'run_pickle' is not defined
