flashpoint
('RDKit',)
('XGBoost',)
Converted file to csv file called: /home/cat/descriptors/datasets_and_SMILES/values_flashpoint_flashpoint.csv
the property I'm extracting is flashpoint
Extracted props saved to: /home/cat/descriptors/datasets_and_SMILES/values_flashpoint_flashpoint_flashpoint.csv
(151, 217)
RDKit descriptors ran correctly
descriptor_function returned: rdkit_descriptors.csv
Current model running: XGBoost
Loading features from: rdkit_descriptors.csv
It's been split!!
loading feaure from: rdkit_descriptors.csv
Best score was using the following parameter set:
>> subsample = 0.6
>> reg_lambda = 1
>> reg_alpha = 0
>> random_state = 42
>> n_jobs = 8
>> n_estimators = 400
>> min_child_weight = 1
>> max_depth = 3
>> learning_rate = 0.05
>> gamma = 0
>> colsample_bytree = 0.7
Root Mean Squared Error: 12.736715316772461
R-squared: 0.947204053401947
[208 350 211 116 182 298 157 149 153  70 147 199 265 149 116 164 129 173
 156 190]
[199.44331 338.65973 202.67949 141.62253 220.8377  297.7455  155.38428
 148.17412 156.28555  81.23968 135.77647 171.55875 248.81822 175.89032
 114.99856 172.83046 138.8813  175.28148 157.3369  187.39522]
yay, we ran!!
Traceback (most recent call last):
  File "/home/cat/descriptors/python_scripts/descriptor_models.py", line 569, in <module>
    if run_pickle == "yes":
NameError: name 'run_pickle' is not defined
