flashpoint
('RDKit',)
('SVR',)
Converted file to csv file called: /home/cat/descriptors/datasets_and_SMILES/values_flashpoint_flashpoint.csv
the property I'm extracting is flashpoint
Extracted props saved to: /home/cat/descriptors/datasets_and_SMILES/values_flashpoint_flashpoint_flashpoint.csv
(151, 217)
RDKit descriptors ran correctly
descriptor_function returned: rdkit_descriptors.csv
Current model running: SVR
Loading features from: rdkit_descriptors.csv
It's been split!!
Loading features from: rdkit_descriptors.csv
Best score was using the following parameter set:
>> svr__kernel = rbf
>> svr__gamma = 0.001291549665014884
>> svr__epsilon = 0.46415888336127775
>> svr__C = 545.5594781168514
Root Mean Squared Error: 18.46265928846584
R-squared: 0.889063531632804
[208 350 211 116 182 298 157 149 153  70 147 199 265 149 116 164 129 173
 156 190]
[204.97019625 336.43866856 206.37819829 169.4357413  238.14538105
 306.95147919 154.8923076  147.62848865 158.49110387  71.89861668
 139.74269848 174.8471717  275.184302   193.18284121 113.87000201
 173.84504036 143.36982465 172.91616482 154.08262281 193.86906929]
yay, we ran!!
Traceback (most recent call last):
  File "/home/cat/descriptors/python_scripts/descriptor_models.py", line 569, in <module>
    if run_pickle == "yes":
NameError: name 'run_pickle' is not defined
