flashpoint
('SMILES',)
('XGBoost',)
Converted file to csv file called: /home/cat/descriptors/datasets_and_SMILES/values_flashpoint_flashpoint.csv
the property I'm extracting is flashpoint
Extracted props saved to: /home/cat/descriptors/datasets_and_SMILES/values_flashpoint_flashpoint_flashpoint.csv
flattened one hot matrices all saved without SMILES lables and seperators added.
descriptor_function returned: SMILES_matrices.csv
Current model running: XGBoost
Loading features from: SMILES_matrices.csv
It's been split!!
loading feaure from: SMILES_matrices.csv
Best score was using the following parameter set:
>> subsample = 0.6
>> reg_lambda = 5
>> reg_alpha = 0
>> random_state = 42
>> n_jobs = 8
>> n_estimators = 400
>> min_child_weight = 1
>> max_depth = 4
>> learning_rate = 0.05
>> gamma = 0.1
>> colsample_bytree = 0.6
Root Mean Squared Error: 25.44864273071289
R-squared: 0.7892269492149353
[208 350 211 116 182 298 157 149 153  70 147 199 265 149 116 164 129 173
 156 190]
[199.34213 329.57855 195.12257 174.62247 153.22981 306.9438  142.66306
 154.13403 150.9937   96.10377 128.3206  251.75323 276.01    198.00243
 133.16914 201.64581 167.23051 176.48691 161.83931 182.31859]
yay, we ran!!
Traceback (most recent call last):
  File "/home/cat/descriptors/python_scripts/descriptor_models.py", line 569, in <module>
    if run_pickle == "yes":
NameError: name 'run_pickle' is not defined
