Viscosity_as_logVis
('RDKit',)
('Lasso',)
Converted file to csv file called: /home/cat/descriptors/datasets_and_SMILES/values_Viscosity_as_logVis_Viscosity_as_logVis.csv
the property I'm extracting is Viscosity_as_logVis
Extracted props saved to: /home/cat/descriptors/datasets_and_SMILES/values_Viscosity_as_logVis_Viscosity_as_logVis_Viscosity_as_logVis.csv
(304, 217)
RDKit descriptors ran correctly
descriptor_function returned: rdkit_descriptors.csv
Current model running: Lasso
Loading features from: rdkit_descriptors.csv
It's been split!!
loading feature from: rdkit_descriptors.csv
Best score was using the following parameter set:
>> selectkbest__k = 4
>> lasso__alpha = 0.1
Root Mean Squared Error: 0.4386789564031983
R-squared: 0.22838076523970896
[1.571 0.954 1.534 1.779 1.19  1.415 1.459 2.992 1.698 1.114 2.167 2.061
 3.205 1.29  2.99  2.19  1.654 1.576 2.017 2.186]
[1.68566693 1.68566693 1.68566693 1.68566693 1.68566693 1.6086609
 1.38158354 1.85967732 1.68566693 1.81085379 1.96451477 1.68566693
 2.29989781 1.68566693 2.29989781 1.6086609  1.85967732 1.68566693
 1.96451477 1.68566693]
yay, we ran!!
Traceback (most recent call last):
  File "/home/cat/descriptors/python_scripts/descriptor_models.py", line 569, in <module>
    if run_pickle == "yes":
NameError: name 'run_pickle' is not defined
