Viscosity_as_logVis
('SMILES',)
('XGBoost',)
Converted file to csv file called: /home/cat/descriptors/datasets_and_SMILES/values_Viscosity_as_logVis_Viscosity_as_logVis.csv
the property I'm extracting is Viscosity_as_logVis
Extracted props saved to: /home/cat/descriptors/datasets_and_SMILES/values_Viscosity_as_logVis_Viscosity_as_logVis_Viscosity_as_logVis.csv
flattened one hot matrices all saved without SMILES lables and seperators added.
descriptor_function returned: SMILES_matrices.csv
Current model running: XGBoost
Loading features from: SMILES_matrices.csv
It's been split!!
loading feaure from: SMILES_matrices.csv
Best score was using the following parameter set:
>> subsample = 0.7
>> reg_lambda = 1
>> reg_alpha = 0
>> random_state = 42
>> n_jobs = 8
>> n_estimators = 400
>> min_child_weight = 1
>> max_depth = 3
>> learning_rate = 0.05
>> gamma = 0.1
>> colsample_bytree = 0.6
Root Mean Squared Error: 0.41983092726287935
R-squared: 0.29326223595387113
[1.571 0.954 1.534 1.779 1.19  1.415 1.459 2.992 1.698 1.114 2.167 2.061
 3.205 1.29  2.99  2.19  1.654 1.576 2.017 2.186]
[1.5672117 1.3613929 1.5672117 1.3613929 1.5865226 1.4805125 1.6733761
 2.2239916 1.5865226 1.7348282 1.8453193 1.6260034 2.6591003 1.5672117
 1.7967035 1.4805125 1.4269176 1.5672117 2.2171288 1.5672117]
yay, we ran!!
Traceback (most recent call last):
  File "/home/cat/descriptors/python_scripts/descriptor_models.py", line 569, in <module>
    if run_pickle == "yes":
NameError: name 'run_pickle' is not defined
